
Profiling started at Mon Mar  7 08:22:35 2016
Profiling stopped at Mon Mar  7 08:22:37 2016

-- OProfile/operf Statistics --
Nr. non-backtrace samples: 320636
Nr. kernel samples: 626
Nr. user space samples: 320010
Nr. samples lost due to sample address not in expected range for domain: 0
Nr. lost kernel samples: 0
Nr. samples lost due to sample file open failure: 0
Nr. samples lost due to no permanent mapping: 1
Nr. user context kernel samples lost due to no app info available: 0
Nr. user samples lost due to no app info available: 0
Nr. backtraces skipped due to no file mapping: 0
Nr. hypervisor samples dropped due to address out-of-range: 0
Nr. samples lost reported by perf_events kernel: 0

Profiling started at Mon Mar  7 08:22:41 2016
Profiling stopped at Mon Mar  7 08:22:49 2016

-- OProfile/operf Statistics --
Nr. non-backtrace samples: 793782
Nr. kernel samples: 1093
Nr. user space samples: 792689
Nr. samples lost due to sample address not in expected range for domain: 0
Nr. lost kernel samples: 0
Nr. samples lost due to sample file open failure: 0
Nr. samples lost due to no permanent mapping: 1
Nr. user context kernel samples lost due to no app info available: 0
Nr. user samples lost due to no app info available: 0
Nr. backtraces skipped due to no file mapping: 0
Nr. hypervisor samples dropped due to address out-of-range: 0
Nr. samples lost reported by perf_events kernel: 0
