
Profiling started at Mon Feb 29 17:18:42 2016
Profiling stopped at Mon Feb 29 17:18:50 2016

-- OProfile/operf Statistics --
Nr. non-backtrace samples: 798051
Nr. kernel samples: 1433
Nr. user space samples: 796618
Nr. samples lost due to sample address not in expected range for domain: 0
Nr. lost kernel samples: 0
Nr. samples lost due to sample file open failure: 0
Nr. samples lost due to no permanent mapping: 1
Nr. user context kernel samples lost due to no app info available: 0
Nr. user samples lost due to no app info available: 0
Nr. backtraces skipped due to no file mapping: 0
Nr. hypervisor samples dropped due to address out-of-range: 0
Nr. samples lost reported by perf_events kernel: 0

Profiling started at Mon Feb 29 17:19:47 2016
Profiling stopped at Mon Feb 29 17:19:54 2016

-- OProfile/operf Statistics --
Nr. non-backtrace samples: 33943
Nr. kernel samples: 59
Nr. user space samples: 33884
Nr. samples lost due to sample address not in expected range for domain: 0
Nr. lost kernel samples: 0
Nr. samples lost due to sample file open failure: 0
Nr. samples lost due to no permanent mapping: 0
Nr. user context kernel samples lost due to no app info available: 0
Nr. user samples lost due to no app info available: 0
Nr. backtraces skipped due to no file mapping: 0
Nr. hypervisor samples dropped due to address out-of-range: 0
Nr. samples lost reported by perf_events kernel: 0
