
Profiling started at Sat Apr 23 10:44:47 2016
Profiling stopped at Sat Apr 23 10:44:49 2016

-- OProfile/operf Statistics --
Nr. non-backtrace samples: 14346
Nr. kernel samples: 10130
Nr. user space samples: 4216
Nr. samples lost due to sample address not in expected range for domain: 0
Nr. lost kernel samples: 0
Nr. samples lost due to sample file open failure: 0
Nr. samples lost due to no permanent mapping: 0
Nr. user context kernel samples lost due to no app info available: 0
Nr. user samples lost due to no app info available: 0
Nr. backtraces skipped due to no file mapping: 0
Nr. hypervisor samples dropped due to address out-of-range: 0
Nr. samples lost reported by perf_events kernel: 0

Profiling started at Sat Apr 23 10:44:55 2016
Profiling stopped at Sat Apr 23 10:44:55 2016

-- OProfile/operf Statistics --
Nr. non-backtrace samples: 5107
Nr. kernel samples: 39
Nr. user space samples: 5068
Nr. samples lost due to sample address not in expected range for domain: 0
Nr. lost kernel samples: 0
Nr. samples lost due to sample file open failure: 0
Nr. samples lost due to no permanent mapping: 0
Nr. user context kernel samples lost due to no app info available: 0
Nr. user samples lost due to no app info available: 0
Nr. backtraces skipped due to no file mapping: 0
Nr. hypervisor samples dropped due to address out-of-range: 0
Nr. samples lost reported by perf_events kernel: 0

Profiling started at Sat Apr 23 10:48:25 2016
Profiling stopped at Sat Apr 23 10:48:26 2016

-- OProfile/operf Statistics --
Nr. non-backtrace samples: 0
Nr. kernel samples: 0
Nr. user space samples: 0
Nr. samples lost due to sample address not in expected range for domain: 0
Nr. lost kernel samples: 0
Nr. samples lost due to sample file open failure: 0
Nr. samples lost due to no permanent mapping: 0
Nr. user context kernel samples lost due to no app info available: 0
Nr. user samples lost due to no app info available: 0
Nr. backtraces skipped due to no file mapping: 0
Nr. hypervisor samples dropped due to address out-of-range: 0
Nr. samples lost reported by perf_events kernel: 0

Profiling started at Sat Apr 23 10:48:29 2016
Profiling stopped at Sat Apr 23 10:48:30 2016

-- OProfile/operf Statistics --
Nr. non-backtrace samples: 0
Nr. kernel samples: 0
Nr. user space samples: 0
Nr. samples lost due to sample address not in expected range for domain: 0
Nr. lost kernel samples: 0
Nr. samples lost due to sample file open failure: 0
Nr. samples lost due to no permanent mapping: 0
Nr. user context kernel samples lost due to no app info available: 0
Nr. user samples lost due to no app info available: 0
Nr. backtraces skipped due to no file mapping: 0
Nr. hypervisor samples dropped due to address out-of-range: 0
Nr. samples lost reported by perf_events kernel: 0

Profiling started at Sat Apr 23 10:49:22 2016
Profiling stopped at Sat Apr 23 10:49:22 2016

-- OProfile/operf Statistics --
Nr. non-backtrace samples: 0
Nr. kernel samples: 0
Nr. user space samples: 0
Nr. samples lost due to sample address not in expected range for domain: 0
Nr. lost kernel samples: 0
Nr. samples lost due to sample file open failure: 0
Nr. samples lost due to no permanent mapping: 0
Nr. user context kernel samples lost due to no app info available: 0
Nr. user samples lost due to no app info available: 0
Nr. backtraces skipped due to no file mapping: 0
Nr. hypervisor samples dropped due to address out-of-range: 0
Nr. samples lost reported by perf_events kernel: 0

Profiling started at Sat Apr 23 10:49:24 2016
Profiling stopped at Sat Apr 23 10:49:39 2016

-- OProfile/operf Statistics --
Nr. non-backtrace samples: 0
Nr. kernel samples: 0
Nr. user space samples: 0
Nr. samples lost due to sample address not in expected range for domain: 0
Nr. lost kernel samples: 0
Nr. samples lost due to sample file open failure: 0
Nr. samples lost due to no permanent mapping: 0
Nr. user context kernel samples lost due to no app info available: 0
Nr. user samples lost due to no app info available: 0
Nr. backtraces skipped due to no file mapping: 0
Nr. hypervisor samples dropped due to address out-of-range: 0
Nr. samples lost reported by perf_events kernel: 0

Profiling started at Sat Apr 23 10:49:50 2016
Profiling stopped at Sat Apr 23 10:49:50 2016

-- OProfile/operf Statistics --
Nr. non-backtrace samples: 5110
Nr. kernel samples: 57
Nr. user space samples: 5053
Nr. samples lost due to sample address not in expected range for domain: 0
Nr. lost kernel samples: 0
Nr. samples lost due to sample file open failure: 0
Nr. samples lost due to no permanent mapping: 0
Nr. user context kernel samples lost due to no app info available: 0
Nr. user samples lost due to no app info available: 0
Nr. backtraces skipped due to no file mapping: 0
Nr. hypervisor samples dropped due to address out-of-range: 0
Nr. samples lost reported by perf_events kernel: 0

Profiling started at Sat Apr 23 10:51:15 2016
Profiling stopped at Sat Apr 23 10:51:15 2016

-- OProfile/operf Statistics --
Nr. non-backtrace samples: 14
Nr. kernel samples: 9
Nr. user space samples: 5
Nr. samples lost due to sample address not in expected range for domain: 0
Nr. lost kernel samples: 0
Nr. samples lost due to sample file open failure: 0
Nr. samples lost due to no permanent mapping: 0
Nr. user context kernel samples lost due to no app info available: 0
Nr. user samples lost due to no app info available: 0
Nr. backtraces skipped due to no file mapping: 0
Nr. hypervisor samples dropped due to address out-of-range: 0
Nr. samples lost reported by perf_events kernel: 0

Profiling started at Sat Apr 23 10:51:39 2016
Profiling stopped at Sat Apr 23 10:51:39 2016

-- OProfile/operf Statistics --
Nr. non-backtrace samples: 13
Nr. kernel samples: 10
Nr. user space samples: 3
Nr. samples lost due to sample address not in expected range for domain: 0
Nr. lost kernel samples: 0
Nr. samples lost due to sample file open failure: 0
Nr. samples lost due to no permanent mapping: 0
Nr. user context kernel samples lost due to no app info available: 0
Nr. user samples lost due to no app info available: 0
Nr. backtraces skipped due to no file mapping: 0
Nr. hypervisor samples dropped due to address out-of-range: 0
Nr. samples lost reported by perf_events kernel: 0
