
Profiling started at Mon May  2 17:55:00 2016
Profiling stopped at Mon May  2 17:55:00 2016

-- OProfile/operf Statistics --
Nr. non-backtrace samples: 12
Nr. kernel samples: 11
Nr. user space samples: 1
Nr. samples lost due to sample address not in expected range for domain: 0
Nr. lost kernel samples: 0
Nr. samples lost due to sample file open failure: 0
Nr. samples lost due to no permanent mapping: 0
Nr. user context kernel samples lost due to no app info available: 0
Nr. user samples lost due to no app info available: 0
Nr. backtraces skipped due to no file mapping: 0
Nr. hypervisor samples dropped due to address out-of-range: 0
Nr. samples lost reported by perf_events kernel: 0

Profiling started at Mon May  2 17:56:24 2016
Profiling stopped at Mon May  2 17:56:24 2016

-- OProfile/operf Statistics --
Nr. non-backtrace samples: 12
Nr. kernel samples: 9
Nr. user space samples: 3
Nr. samples lost due to sample address not in expected range for domain: 0
Nr. lost kernel samples: 0
Nr. samples lost due to sample file open failure: 0
Nr. samples lost due to no permanent mapping: 0
Nr. user context kernel samples lost due to no app info available: 0
Nr. user samples lost due to no app info available: 0
Nr. backtraces skipped due to no file mapping: 0
Nr. hypervisor samples dropped due to address out-of-range: 0
Nr. samples lost reported by perf_events kernel: 0

Profiling started at Mon May  2 17:56:29 2016
Profiling stopped at Mon May  2 17:56:29 2016

-- OProfile/operf Statistics --
Nr. non-backtrace samples: 12
Nr. kernel samples: 10
Nr. user space samples: 2
Nr. samples lost due to sample address not in expected range for domain: 0
Nr. lost kernel samples: 0
Nr. samples lost due to sample file open failure: 0
Nr. samples lost due to no permanent mapping: 0
Nr. user context kernel samples lost due to no app info available: 0
Nr. user samples lost due to no app info available: 0
Nr. backtraces skipped due to no file mapping: 0
Nr. hypervisor samples dropped due to address out-of-range: 0
Nr. samples lost reported by perf_events kernel: 0

Profiling started at Mon May  2 17:56:48 2016
Profiling stopped at Mon May  2 17:56:51 2016

-- OProfile/operf Statistics --
Nr. non-backtrace samples: 12071
Nr. kernel samples: 2138
Nr. user space samples: 9933
Nr. samples lost due to sample address not in expected range for domain: 0
Nr. lost kernel samples: 0
Nr. samples lost due to sample file open failure: 0
Nr. samples lost due to no permanent mapping: 0
Nr. user context kernel samples lost due to no app info available: 0
Nr. user samples lost due to no app info available: 0
Nr. backtraces skipped due to no file mapping: 0
Nr. hypervisor samples dropped due to address out-of-range: 0
Nr. samples lost reported by perf_events kernel: 0

Profiling started at Mon May  2 17:57:58 2016
Profiling stopped at Mon May  2 17:57:59 2016

-- OProfile/operf Statistics --
Nr. non-backtrace samples: 2231
Nr. kernel samples: 2110
Nr. user space samples: 121
Nr. samples lost due to sample address not in expected range for domain: 0
Nr. lost kernel samples: 0
Nr. samples lost due to sample file open failure: 0
Nr. samples lost due to no permanent mapping: 0
Nr. user context kernel samples lost due to no app info available: 0
Nr. user samples lost due to no app info available: 0
Nr. backtraces skipped due to no file mapping: 0
Nr. hypervisor samples dropped due to address out-of-range: 0
Nr. samples lost reported by perf_events kernel: 0

Profiling started at Mon May  2 18:00:02 2016
Profiling stopped at Mon May  2 18:00:04 2016

-- OProfile/operf Statistics --
Nr. non-backtrace samples: 894
Nr. kernel samples: 1
Nr. user space samples: 893
Nr. samples lost due to sample address not in expected range for domain: 0
Nr. lost kernel samples: 0
Nr. samples lost due to sample file open failure: 0
Nr. samples lost due to no permanent mapping: 0
Nr. user context kernel samples lost due to no app info available: 0
Nr. user samples lost due to no app info available: 0
Nr. backtraces skipped due to no file mapping: 0
Nr. hypervisor samples dropped due to address out-of-range: 0
Nr. samples lost reported by perf_events kernel: 0

Profiling started at Mon May  2 18:00:32 2016
Profiling stopped at Mon May  2 18:00:32 2016

-- OProfile/operf Statistics --
Nr. non-backtrace samples: 0
Nr. kernel samples: 0
Nr. user space samples: 0
Nr. samples lost due to sample address not in expected range for domain: 0
Nr. lost kernel samples: 0
Nr. samples lost due to sample file open failure: 0
Nr. samples lost due to no permanent mapping: 0
Nr. user context kernel samples lost due to no app info available: 0
Nr. user samples lost due to no app info available: 0
Nr. backtraces skipped due to no file mapping: 0
Nr. hypervisor samples dropped due to address out-of-range: 0
Nr. samples lost reported by perf_events kernel: 0

Profiling started at Mon May  2 18:01:12 2016
Profiling stopped at Mon May  2 18:01:13 2016

-- OProfile/operf Statistics --
Nr. non-backtrace samples: 0
Nr. kernel samples: 0
Nr. user space samples: 0
Nr. samples lost due to sample address not in expected range for domain: 0
Nr. lost kernel samples: 0
Nr. samples lost due to sample file open failure: 0
Nr. samples lost due to no permanent mapping: 0
Nr. user context kernel samples lost due to no app info available: 0
Nr. user samples lost due to no app info available: 0
Nr. backtraces skipped due to no file mapping: 0
Nr. hypervisor samples dropped due to address out-of-range: 0
Nr. samples lost reported by perf_events kernel: 0

Profiling started at Mon May  2 18:01:56 2016
Profiling stopped at Mon May  2 18:01:57 2016

-- OProfile/operf Statistics --
Nr. non-backtrace samples: 0
Nr. kernel samples: 0
Nr. user space samples: 0
Nr. samples lost due to sample address not in expected range for domain: 0
Nr. lost kernel samples: 0
Nr. samples lost due to sample file open failure: 0
Nr. samples lost due to no permanent mapping: 0
Nr. user context kernel samples lost due to no app info available: 0
Nr. user samples lost due to no app info available: 0
Nr. backtraces skipped due to no file mapping: 0
Nr. hypervisor samples dropped due to address out-of-range: 0
Nr. samples lost reported by perf_events kernel: 0
