BBLCOUNT        1.0         0
0x7fa7b9258ddb 1 7 40
0x7fa7b92be841 0 2 12
0x7fa7b92be84d 0 3 19
0x7fa7b92be87a 1 1 1
0x7fa7b92df090 1 18 81
0x7fa7b92df0e1 0 3 12
0x7fa7b9258eb0 1 2 9
0x7fa7b9258eb9 1 3 16
0x7fa7b92bc58a 1 1 1
0x7fa7b92be82e 1 3 19
0x7fa7b9258dd2 1 3 9
0x7fa7b9258dc9 1 2 9
0x7fa7b92df0ed 0 4 24
0x7fa7b92df0c0 3 10 33
0x7fa7b92df0e1 1 3 12
0x7fa7b92df0ed 1 4 24
0x7fa7b92df105 1 6 22
0x7fa7b92bbcb0 1 4 14
0x7fa7b9351c1d 4 3 10
0x7fa7b92defe0 1 18 81
0x7fa7b92df031 0 3 12
0x7fa7b92df03d 0 4 24
0x7fa7b92df010 3 10 33
0x7fa7b92df031 1 3 12
0x7fa7b92df03d 1 4 24
0x7fa7b9351bb0 4 5 26
0x7fa7b9351bca 4 13 83
0x7fa7b9258ee0 0 2 15
0x7fa7b9351c27 4 2 5
0x7fa7b9351c2c 4 4 12
0x7fa7b9258e14 0 5 21
0x7fa7b92df055 1 6 22
0x7fa7b9258e03 1 5 17
0x7fa7b92be820 1 2 9
0x7fa7b92be829 0 1 5
0x7fa7b92bbcce 1 6 30
0x7fa7b92bbcbe 1 3 16
0x7fa7b9258d90 1 3 5
0x7fa7b92bc539 1 1 5
0x7fa7b9258d95 1 3 14
0x7fa7b92bc530 1 2 9
0x7fa7b9258da3 1 2 8
0x7fa7b9258dab 1 2 12
0x7fa7b9258ef0 1 2 7
0x7fa7b9258ec9 0 3 23
0x7fa7b92bc551 0 2 12
0x7fa7b92bc55d 0 3 19
0x7fa7b9258ed3 1 2 13
0x7fa7b92bc53e 1 3 19
0x7fa7b9258ef7 1 16 59
0x7fa7b9258f32 1 3 15
0x7fa7b9258f41 1 4 10
0x7fa7b9258fa0 1 3 19
0x7fa7b9258fb3 1 3 18
0x7fa7b9258e14 1 5 21
0x4005cd 1 2 5
0x4005c8 0 1 5
0x4005b8 1 4 16
0x400600 1 1 6
0x400606 1 2 10
0x400636 1 2 10
0x400630 1 1 6
0x400670 161 1 6
0x400676 1 2 10
0x4005f6 1 2 10
0x400640 10040 1 6
0x4005f0 10005 1 6
0x400646 1 2 10
0x400610 10007 1 6
0x400616 1 2 10
0x400626 1 2 10
0x4005e0 7 2 12
0x400620 1800 1 6
0x4006b5 1 1 5
0x400693 0 2 9
0x4006b0 1 1 5
0x4006ba 1 3 7
0x4006a2 1 3 14
0x400680 1 4 19
0x4006c1 1 11 41
0x400705 1 2 2
0x4006f0 1 6 21
0x400742 1 2 2
0x400720 1 10 34
0x400772 1 3 10
0x400760 1 2 9
0x400769 1 3 9
0x40078a 0 3 10
0x4007a8 1 1 5
0x400794 0 4 11
0x400780 1 2 10
0x4007ec 10006 3 9
0x400800 10006 1 2
0x4007f5 22234106 4 11
0x4007ec 48979930 3 9
0x4007d8 48989936 6 20
0x4007f5 4599 4 11
0x4007b0 10006 3 11
0x4007bb 10006 5 22
0x4007f5 28881389 4 11
0x4007db 51120094 5 17
0x4007ec 51120094 3 9
0x400810 10005 7 28
0x40082c 10005 3 12
0x400850 100090020 13 41
0x400879 10005 1 2
0x400879 0 1 2
0x400850 10005 13 41
0x400840 10005 5 16
0x4008c5 20009 1 2
0x400898 200170036 13 45
0x4008c5 0 1 2
0x400894 20009 14 49
0x400880 20009 6 20
0x400966 0 11 33
0x40095e 6729 2 8
0x400930 37060145 15 46
0x40092b 0 1 2
0x400918 6729 6 19
0x400910 10004 2 8
0x40094c 30263500 5 18
0x40095e 37056479 2 8
0x400966 13663935 11 33
0x400966 16599565 11 33
0x40095e 30260437 2 8
0x4009a0 6729 1 2
0x4009dd 3275 1 2
0x4009b0 32763100 14 45
0x4009dd 0 1 2
0x4009a8 3275 17 53
0x40099a 0 2 8
0x400990 3275 3 10
0x4009eb 2 18 61
0x400a28 0 1 2
0x400a00 20008 13 40
0x400a28 2 1 2
0x4009e0 2 3 11
0x400a4e 2 5 10
0x400a30 2 10 30
0x400a9b 22220334 4 10
0x400a82 51094657 5 17
0x400a93 51094657 3 8
0x400a60 10005 3 11
0x400a6b 10005 5 18
0x400a93 10005 3 8
0x400a9b 4551 4 10
0x400a80 49005368 6 19
0x400a93 48995363 3 8
0x400aa8 10005 1 2
0x400a9b 28869772 4 10
0x400ab0 10005 2 10
0x400b83 1 1 5
0x400b3f 10004 1 5
0x400b44 10004 1 5
0x400b49 10004 1 5
0x400b58 1 3 15
0x400b67 1 2 10
0x400b71 1 4 18
0x400b05 10004 3 12
0x400b88 1 3 15
0x400b97 1 3 15
0x400ba6 1 3 15
0x400bb5 1 2 6
0x400b4e 10004 2 5
0x400b53 1 1 5
0x400b00 10003 1 5
0x400adc 1 3 12
0x400b2d 10004 4 18
0x400ae8 1 4 15
0x400af7 1 2 14
0x400b20 10004 3 13
0x400ac0 1 7 28
0x400b11 10004 3 15
0x400bed 1 8 42
0x400bdf 1 3 14
0x400bc0 1 8 31
0x400c4b 1 5 23
0x400cad 160 5 27
0x400c3c 1 3 15
0x400c62 9999 9 21
0x400c77 2000 9 26
0x400c17 1 1 2
0x400c91 200 8 28
0x400c38 9959 4 19
0x400ce1 1800 1 5
0x400cc8 160 1 5
0x400c20 40 5 21
0x400cf0 1 4 5
0x400c4b 9959 5 23
0x400cd0 1800 3 17
0x400c4b 39 5 23
0x400c35 40 5 22
0x400d33 1 2 5
0x400d56 1 8 15
0x400d4d 1 3 9
0x400d38 1 5 21
0x400d00 1 16 51
0x400d74 1 3 9
0x7fa7b9256410 1 1 6
0x7fa7b92585f0 1 6 14
0x7fa7b92585fe 1 2 5
0x7fa7b9258603 0 2 9
0x7fa7b925861e 1 3 16
0x7fa7b925862e 1 4 19
0x7fa7b9258813 1 2 9
0x7fa7b9258653 1 4 20
0x7fa7b9258714 1 5 13
0x7fa7b92586a9 0 2 5
0x7fa7b9258641 1 4 18
0x7fa7b92586a4 1 2 5
0x7fa7b925869f 1 2 5
0x7fa7b925883a 1 8 20
0x7fa7b92586a9 1 2 5
0x7fa7b92586ae 1 11 53
0x7fa7b92586e3 1 13 49
0x7fa7b92587fe 1 4 10
0x7fa7b92587f6 2 2 8
0x7fa7b92587f2 2 2 4
0x7fa7b9258813 0 2 9
0x7fa7b9258800 1 3 8
0x7fa7b925868b 1 3 8
0x7fa7b9258693 4 2 4
0x7fa7b9258697 0 4 13
0x7fa7b9258667 1 3 10
0x7fa7b92586a4 0 2 5
0x7fa7b9258678 4 5 17
0x7fa7b9258689 3 4 10
0x7fa7b92587d5 1 4 13
0x7fa7b9258808 2 3 11
0x7fa7b92587e2 1 2 6
0x7fa7b92587e8 1 3 10
0x7fa7b925890c 1 5 27
0x7fa7b92588fc 1 3 16
0x7fa7b925888d 0 22 111
0x7fa7b9258927 1 2 9
0x7fa7b92588db 3 10 33
0x7fa7b9258930 1 6 35
0x7fa7b925890c 0 5 27
0x7fa7b92588fc 0 3 16
0x7fa7b9258897 1 21 101
0x7fa7b92589bd 0 1 5
0x7fa7b9258998 1 6 37
0x7fa7b9258988 1 6 11
0x7fa7b9258983 1 1 5
0x7fa7b9258860 1 11 35
0x7fa7b9258883 0 3 10
0x7fa7b9258953 1 10 48
0x7fa7b9258a10 1 13 48
0x7fa7b9258ac1 1 12 68
0x7fa7b9258abd 1 2 4
0x7fa7b9258a63 1 6 24
0x7fa7b9258a7b 1 2 5
0x7fa7b9258a80 1 5 21
0x7fa7b9258ab3 1 2 10
0x7fa7b9258aaa 1 2 9
0x7fa7b9258a95 1 4 21
0x7fa7b9258b05 1 2 7
0x7fa7b9258a57 1 4 12
0x7fa7b9258a49 1 4 14
0x7fa7b9258b0c 1 2 7
0x7fa7b9258a57 0 4 12
0x7fa7b9258a40 0 8 23
0x7fa7b92656a0 1 16 81
0x7fa7b926bf40 1 18 87
0x7fa7b926bfa0 1 5 10
0x7fa7b926bfaa 0 4 13
0x7fa7b926bfbf 1 4 7
0x7fa7b926bfe0 1 2 7
0x7fa7b926eb76 0 3 9
0x7fa7b926eb95 1 4 19
0x7fa7b926eb20 1 9 23
0x7fa7b926ebb4 1 2 7
0x7fa7b926ebab 1 3 9
0x7fa7b926eb37 1 3 9
0x7fa7b926eb40 1 6 21
0x7fa7b926eb55 1 5 21
0x7fa7b926eb6a 1 2 6
0x7fa7b926eb70 0 2 6
0x7fa7b926ebe0 1 6 25
0x7fa7b926ebf9 1 1 5
0x7fa7b926eb40 1 6 21
0x7fa7b926eb55 0 5 21
0x7fa7b926eb6a 0 2 6
0x7fa7b926eb7f 1 4 17
0x7fa7b926eb90 1 2 5
0x7fa7b926eba8 1 1 3
0x7fa7b926ec30 1 4 21
0x7fa7b926ecd6 1 3 12
0x7fa7b926eca0 1 8 25
0x7fa7b926ecb9 0 2 14
0x7fa7b926ecc7 0 1 2
0x7fa7b926ecc9 1 2 13
0x7fa7b926ece2 1 6 23
0x7fa7b926ed37 1 5 19
0x7fa7b926ed4a 0 2 5
0x7fa7b926edb4 1 3 14
0x7fa7b926ed72 1 4 24
0x7fa7b926ed8a 0 2 13
0x7fa7b926ed97 0 1 2
0x7fa7b926ed99 1 2 12
0x7fa7b926eda5 1 5 10
0x7fa7b926ee60 1 8 25
0x7fa7b926ee7e 1 12 42
0x7fa7b926ee79 1 2 5
0x7fa7b926f228 1 4 5
0x7fa7b926f190 0 3 16
0x7fa7b926f180 1 3 16
0x7fa7b926f170 1 5 16
0x7fa7b927d0b0 10040 6 25
0x7fa7b927d0c9 0 2 5
0x7fa7b927d177 40 2 4
0x7fa7b927d0ce 0 3 7
0x7fa7b927d140 10040 14 55
0x7fa7b927d177 10000 2 4
0x7fa7b927d150 118 12 39
0x7fa7b92811c7 10040 6 20
0x7fa7b927db0b 10040 2 9
0x7fa7b927db3b 0 1 6
0x7fa7b9280f38 10040 4 25
0x7fa7b927db2e 10040 2 13
0x7fa7b927db3b 0 1 6
0x7fa7b927db41 0 2 14
0x7fa7b92811be 10040 2 9
0x7fa7b92811b1 10040 2 13
0x7fa7b9280e78 0 5 25
0x7fa7b9281173 0 6 21
0x7fa7b9280c09 10040 2 15
0x7fa7b9280b5b 10040 8 40
0x7fa7b9280b83 10040 4 28
0x7fa7b9280b9f 0 2 13
0x7fa7b927db14 0 6 39
0x7fa7b9280bac 0 5 26
0x7fa7b9280ea4 10040 2 13
0x7fa7b9280eb1 0 6 32
0x7fa7b9280b9f 10040 2 13
0x7fa7b9280bac 0 5 26
0x7fa7b9280bc6 0 2 14
0x7fa7b9280e6b 10040 2 13
0x7fa7b927d373 0 2 8
0x7fa7b927d290 20080 17 59
0x7fa7b927d2cb 0 4 23
0x7fa7b927d2e2 0 2 9
0x7fa7b927d3b0 20080 2 9
0x7fa7b927d3b9 0 2 7
0x7fa7b927d2d5 20080 3 13
0x7fa7b927d2e2 20080 2 9
0x7fa7b927d2eb 20080 2 10
0x7fa7b927d440 10040 4 14
0x7fa7b927d2f5 10040 9 45
0x7fa7b927d322 10040 5 33
0x7fa7b927d343 10040 7 29
0x7fa7b927d360 10000 3 19
0x7fa7b928116e 0 2 5
0x7fa7b927d37b 0 3 17
0x7fa7b927d500 10040 2 13
0x7fa7b927d50d 10040 4 23
0x7fa7b927d524 10040 2 14
0x7fa7b927d532 10040 2 14
0x7fa7b927d540 10040 2 14
0x7fa7b927d54e 10040 14 96
0x7fa7b927d660 10040 9 42
0x7fa7b927d5ae 10040 20 172
0x7fa7b927dae3 10040 3 16
0x7fa7b927daf3 0 2 9
0x7fa7b927dafc 0 7 24
0x7fa7b9281165 10040 2 9
0x7fa7b927d805 10040 2 10
0x7fa7b928105d 10040 2 9
0x7fa7b927dc24 0 3 14
0x7fa7b927dc1b 0 2 9
0x7fa7b927dbf8 10040 7 35
0x7fa7b927da05 10040 2 14
0x7fa7b927da13 10040 7 37
0x7fa7b927da38 10040 4 21
0x7fa7b927da4d 10040 7 29
0x7fa7b927da6a 10040 7 39
0x7fa7b927da91 10040 5 19
0x7fa7b927daa4 10040 4 17
0x7fa7b9281066 0 8 40
0x7fa7b927d80f 10040 2 14
0x7fa7b927d81d 0 2 12
0x7fa7b927dbdb 9072 2 9
0x7fa7b927dbbc 10040 5 31
0x7fa7b927d373 10040 2 8
0x7fa7b927d37b 0 3 17
0x7fa7b927d38c 0 3 14
0x7fa7b927d38c 10040 3 14
0x7fa7b927d39a 10040 9 21
0x7fa7b927d44e 10040 8 15
0x7fa7b9280f8b 10040 2 13
0x7fa7b927dd45 10040 6 26
0x7fa7b927dd38 10040 2 13
0x7fa7b927dcdb 0 7 33
0x7fa7b927dccf 10040 3 12
0x7fa7b927dc67 0 2 9
0x7fa7b927dc5e 9072 2 9
0x7fa7b927dc54 10040 2 10
0x7fa7b927dd5f 10040 2 9
0x7fa7b9280fa6 0 4 16
0x7fa7b9280f98 0 3 14
0x7fa7b9280bc6 10040 2 14
0x7fa7b9280b44 0 4 16
0x7fa7b927dd68 10040 7 27
0x7fa7b9280b36 0 3 14
0x7fa7b9280b29 10040 2 13
0x7fa7b927dc32 0 5 27
0x7fa7b927dc24 0 3 14
0x7fa7b9280bac 10040 5 26
0x7fa7b927dd83 0 3 19
0x7fa7b927dc1b 10040 2 9
0x7fa7b928115d 10040 2 8
0x7fa7b9280bd4 9072 2 13
0x7fa7b927d37b 0 3 17
0x7fa7b927d360 40 3 19
0x7fa7b927db82 10040 11 58
0x7fa7b927d373 0 2 8
0x7fa7b928241d 10040 2 9
0x7fa7b928245d 10040 5 19
0x7fa7b9282358 10040 15 105
0x7fa7b928249d 0 1 2
0x7fa7b9282490 10040 3 13
0x7fa7b928234e 0 16 115
0x7fa7b9282330 10040 9 30
0x7fa7b928241b 0 1 2
0x7fa7b9282411 0 2 10
0x7fa7b9282403 10040 3 14
0x7fa7b92823ed 10040 4 22
0x7fa7b92823d4 10040 6 25
0x7fa7b92823c1 10040 4 19
0x7fa7b9282426 10040 9 39
0x7fa7b928244d 10040 4 16
0x7fa7b9282470 0 2 5
0x7fa7b9282475 0 7 17
0x7fa7b92824a0 10040 3 13
0x7fa7b92824ad 10040 3 17
0x7fa7b92824be 0 2 9
0x7fa7b92824c9 10040 2 8
0x7fa7b92824d1 10040 2 5
0x7fa7b92824d6 0 6 27
0x7fa7b9282475 10040 7 17
0x7fa7b9287520 1 7 31
0x7fa7b9287576 10040 8 49
0x7fa7b928753f 0 16 104
0x7fa7b92875a7 10040 2 8
0x7fa7b9287520 10039 7 31
0x7fa7b928753f 0 16 104
0x7fa7b92a10b3 0 2 11
0x7fa7b92a10f4 161 2 8
0x7fa7b92a114d 161 4 13
0x7fa7b92a1180 161 3 17
0x7fa7b92a10fc 161 3 14
0x7fa7b92a110a 0 3 11
0x7fa7b92a10ca 161 7 33
0x7fa7b92a10a5 161 3 14
0x7fa7b92a108f 1 4 22
0x7fa7b92a1080 1 5 15
0x7fa7b92a1060 1 11 32
0x7fa7b92a108f 160 4 22
0x7fa7b92a1080 160 5 15
0x7fa7b92a1060 160 11 32
0x7fa7b92a1191 0 2 6
0x7fa7b92a1197 0 1 2
0x7fa7b92a1199 161 2 5
0x7fa7b92a119e 161 1 5
0x7fa7b92a1110 161 2 5
0x7fa7b92a1115 0 2 5
0x7fa7b92a111a 0 9 19
0x7fa7b92a1170 161 7 14
0x7fa7b92a10be 0 1 2
0x7fa7b92a10c0 161 2 10
0x7fa7b92a113a 161 5 19
0x7fa7b92a10eb 161 2 5
0x7fa7b92a2610 1 15 58
0x7fa7b92a2688 1 3 17
0x7fa7b92a2606 1 2 10
0x7fa7b92a25eb 1 3 14
0x7fa7b92a25d5 1 4 22
0x7fa7b92a25c0 1 9 21
0x7fa7b92a264a 1 3 10
0x7fa7b92a2654 1 3 12
0x7fa7b92a2660 1 5 19
0x7fa7b92a2673 1 2 8
0x7fa7b92a267b 1 3 13
0x7fa7b92a26a0 1 2 4
0x7fa7b92a26a4 1 4 5
0x7fa7b92a3b70 10004 7 23
0x7fa7b92a3b87 10004 4 26
0x7fa7b92a3c02 10005 3 13
0x7fa7b92a3ba1 10004 3 14
0x7fa7b92a3bfa 10005 2 8
0x7fa7b92a3c2b 10005 3 4
0x7fa7b92a3c27 10005 2 4
0x7fa7b92a3c35 10005 2 9
0x7fa7b92a3beb 0 6 23
0x7fa7b92a3bc4 10005 8 39
0x7fa7b92a3c3e 10005 2 4
0x7fa7b92a3bbb 10005 2 9
0x7fa7b92a3ba1 1 3 14
0x7fa7b92a3b87 1 4 26
0x7fa7b92a3b70 1 7 23
0x7fa7b92a3c0f 10005 3 17
0x7fa7b92a7b2d 1800 3 17
0x7fa7b92a7ab0 1 4 22
0x7fa7b92a7b18 1800 2 8
0x7fa7b92a7b20 1800 3 13
0x7fa7b92a7ab0 1799 4 22
0x7fa7b92a7b45 1800 2 4
0x7fa7b92a7b49 1800 3 4
0x7fa7b92a7aa0 1799 6 16
0x7fa7b92a7ac6 1799 3 14
0x7fa7b92a7ac6 1 3 14
0x7fa7b92a7aa0 1 6 16
0x7fa7b92a7ae0 1800 2 9
0x7fa7b92a7ae9 1800 7 32
0x7fa7b92a7b59 1800 2 4
0x7fa7b92a7b09 0 6 23
0x7fa7b92a7b4d 1800 3 12
0x7fa7b92a8700 1 2 10
0x7fa7b92aa01f 2 3 10
0x7fa7b92a9ff1 0 3 10
0x7fa7b92a9fe0 2 6 17
0x7fa7b92a9ffb 0 6 27
0x7fa7b92aa029 2 4 15
0x7fa7b92aa0b9 2 2 5
0x7fa7b92aa0b0 2 3 9
0x7fa7b92aa0be 2 10 33
0x7fa7b92aa173 22006 4 15
0x7fa7b92aa160 22006 5 19
0x7fa7b92aa182 22006 9 34
0x7fa7b92aa1a4 0 7 16
0x7fa7b92aa218 22006 2 8
0x7fa7b92aa220 0 1 2
0x7fa7b92aa1a8 22006 6 12
0x7fa7b92aa1c5 0 4 21
0x7fa7b92aa1b8 22006 4 13
0x7fa7b92aa155 0 6 30
0x7fa7b92aa140 22006 8 21
0x7fa7b92aaab3 22006 2 5
0x7fa7b92aaab8 0 6 24
0x7fa7b92aaa70 22006 9 21
0x7fa7b92aaa85 22006 3 8
0x7fa7b92aaa9b 22006 5 19
0x7fa7b92aaadb 22006 6 11
0x7fa7b92aaad0 0 8 22
0x7fa7b92aaac3 22006 3 13
0x7fa7b92aaaae 22006 1 5
0x7fa7b92aaaf0 22006 3 8
0x7fa7b92aaaae 0 1 5
0x7fa7b92aaa9b 0 5 19
0x7fa7b92aaa90 22006 4 11
0x7fa7b92aaad0 0 8 22
0x7fa7b92ab0c6 10201 3 12
0x7fa7b92aafc0 10201 5 15
0x7fa7b92aaf6a 10201 4 13
0x7fa7b92aaf52 10201 6 24
0x7fa7b92aaf40 10201 9 18
0x7fa7b92aafb0 10201 8 15
0x7fa7b92ab013 0 4 15
0x7fa7b92ab00e 10201 2 5
0x7fa7b92ab0d2 0 1 5
0x7fa7b92ab0b8 10201 4 14
0x7fa7b92ab013 0 4 15
0x7fa7b92ab00e 0 2 5
0x7fa7b92ab002 10201 3 12
0x7fa7b92aaffa 0 6 20
0x7fa7b92aafea 10201 5 16
0x7fa7b92aafe1 10201 2 9
0x7fa7b92aafcf 10201 4 18
0x7fa7b92ab8e0 11805 1 5
0x7fa7b92ab8db 10201 2 2
0x7fa7b92ab8d0 22006 5 11
0x7fa7b92ab8e5 11805 6 13
0x7fa7b92abb62 10201 3 7
0x7fa7b92abb50 10201 7 18
0x7fa7b92abb50 11805 7 18
0x7fa7b92abb62 11805 3 7
0x7fa7b92abb69 11804 2 11
0x7fa7b92abbb8 1 2 11
0x7fa7b92abbc3 1 3 13
0x7fa7b92abbd0 1 3 13
0x7fa7b92abbdd 1 12 45
0x7fa7b92abc0a 1 2 12
0x7fa7b92abc16 1 2 9
0x7fa7b92abb78 1 2 9
0x7fa7b92abb81 1 2 10
0x7fa7b92abb8b 1 6 21
0x7fa7b92abc20 11805 5 19
0x7fa7b92abc90 10201 7 19
0x7fa7b92abbaa 11805 5 9
0x7fa7b92abc3c 0 2 10
0x7fa7b92abc33 11805 2 9
0x7fa7b92abb74 22005 3 13
0x7fa7b92abb8b 11804 6 21
0x7fa7b92abb81 11804 2 10
0x7fa7b92abb69 10201 2 11
0x7fa7b92ac5a4 11804 3 13
0x7fa7b92ac590 11805 3 10
0x7fa7b92ac59a 1 4 23
0x7fa7b92ac777 1 6 12
0x7fa7b92ac750 2 9 23
0x7fa7b92ac767 1 2 4
0x7fa7b92ac777 1 6 12
0x7fa7b92ac76b 1 4 12
0x7fa7b92ac76b 1 4 12
0x7fa7b92ac8a4 10120 7 28
0x7fa7b92ac89f 10120 2 5
0x7fa7b92ac860 30120 9 22
0x7fa7b92ac91e 20000 6 9
0x7fa7b92ac876 10120 8 25
0x7fa7b92ac8b0 478 5 16
0x7fa7b92ac8c0 120 6 20
0x7fa7b92ac8d4 0 5 21
0x7fa7b92ac88f 10120 5 16
0x7fa7b92ac8c0 10000 6 20
0x7fa7b92ac918 10120 8 15
0x7fa7b92aca35 2 11 56
0x7fa7b92aca1a 2 6 27
0x7fa7b92aca15 0 2 5
0x7fa7b92aca10 2 2 5
0x7fa7b92aca07 2 2 9
0x7fa7b92ac9f0 2 8 23
0x7fa7b92acebe 3 2 8
0x7fa7b92acfb7 0 2 13
0x7fa7b92acf87 3 1 5
0x7fa7b92acf79 3 3 14
0x7fa7b92acf55 3 7 36
0x7fa7b92acf4c 3 2 9
0x7fa7b92acf2f 1 4 17
0x7fa7b92acf22 1 3 13
0x7fa7b92acf0f 1 4 19
0x7fa7b92ace85 1 2 11
0x7fa7b92ace5d 1 8 40
0x7fa7b92ace50 1 2 13
0x7fa7b92ace30 1 4 16
0x7fa7b92ace0a 1 6 38
0x7fa7b92acdf0 1 8 26
0x7fa7b92acfc6 1 2 12
0x7fa7b92acec6 3 3 13
0x7fa7b92acff2 1 7 13
0x7fa7b92acfd7 0 6 27
0x7fa7b92acfd2 1 2 5
0x7fa7b92acfa3 1 3 20
0x7fa7b92acf90 1 5 19
0x7fa7b92acf40 0 2 10
0x7fa7b92acf2f 2 4 17
0x7fa7b92acf22 2 3 13
0x7fa7b92acf0f 2 4 19
0x7fa7b92acef7 3 4 24
0x7fa7b92aceef 3 2 8
0x7fa7b92aced3 3 3 17
0x7fa7b92ad0d8 2 3 11
0x7fa7b92ad220 1 7 14
0x7fa7b92ad205 0 6 27
0x7fa7b92ad201 1 2 4
0x7fa7b92ad1f5 1 2 12
0x7fa7b92ad0f4 0 3 14
0x7fa7b92ad03f 1 4 17
0x7fa7b92ad1d2 1 3 20
0x7fa7b92ad1bf 1 5 19
0x7fa7b92ad0a3 1 7 38
0x7fa7b92ad1a8 3 4 23
0x7fa7b92ad096 1 2 13
0x7fa7b92ad0c9 1 5 26
0x7fa7b92ad030 1 6 15
0x7fa7b92ad050 1 6 38
0x7fa7b92ad076 1 4 16
0x7fa7b92ad0e3 1 4 17
0x7fa7b92ba030 1 8 37
0x7fa7b92ba055 1 9 33
0x7fa7b92ba240 1 2 3
0x7fa7b92ba076 1 4 16
0x7fa7b92bbd68 0 4 18
0x7fa7b92bbd40 1 7 30
0x7fa7b92bbd5e 0 2 10
0x7fa7b92bbd68 0 4 18
0x7fa7b92bbd90 10007 13 71
0x7fa7b92bbdd7 10007 4 12
0x7fa7b92bbdf0 1541078 7 32
0x7fa7b92bbde3 10007 8 45
0x7fa7b92bbd5e 0 2 10
0x7fa7b92bbd40 10006 7 30
0x7fa7b92bbe10 10007 1 2
0x7fa7b92c2ec0 20080 8 35
0x7fa7b92c2ee3 20080 9 32
0x7fa7b92c2f03 20080 3 8
0x7fa7b92d06ac 2 2 5
0x7fa7b92d06b1 2 2 5
0x7fa7b92d06d2 0 3 10
0x7fa7b92d0670 4 2 9
0x7fa7b92d06b6 2 2 5
0x7fa7b92d0679 0 2 9
0x7fa7b92d060c 2 4 5
0x7fa7b92d0682 0 5 13
0x7fa7b92d0770 4 2 9
0x7fa7b92d0779 1 2 12
0x7fa7b92d072c 2 14 54
0x7fa7b92d06e5 0 2 9
0x7fa7b92d06dc 0 2 9
0x7fa7b92d06d2 2 3 10
0x7fa7b92d06cb 0 3 7
0x7fa7b92d06bb 2 3 7
0x7fa7b92d06c2 1 2 4
0x7fa7b92d06c6 4 2 5
0x7fa7b92d05d0 8 1 2
0x7fa7b92d0679 3 2 9
0x7fa7b92d0682 3 5 13
0x7fa7b92d068f 3 4 14
0x7fa7b92d069d 3 5 15
0x7fa7b92d05b0 8 8 32
0x7fa7b92d0581 0 2 5
0x7fa7b92d057b 2 2 6
0x7fa7b92d056e 4 2 13
0x7fa7b92d0552 4 5 28
0x7fa7b92d0528 4 13 42
0x7fa7b92d0520 4 2 8
0x7fa7b92d06ac 1 2 5
0x7fa7b92d057b 6 2 6
0x7fa7b92d05d2 4 3 8
0x7fa7b92d05d0 6 1 2
0x7fa7b92d05c0 6 5 16
0x7fa7b92d05e9 0 4 18
0x7fa7b92d0621 2 1 2
0x7fa7b92d0618 8 3 9
0x7fa7b92d05da 8 5 15
0x7fa7b92d05d2 4 3 8
0x7fa7b92d05d0 40 1 2
0x7fa7b92d056e 6 2 13
0x7fa7b92d0560 6 3 14
0x7fa7b92d060a 2 5 7
0x7fa7b92d05ff 8 3 11
0x7fa7b92d05da 32 5 15
0x7fa7b92d05d2 38 3 8
0x7fa7b92d05fb 0 2 4
0x7fa7b92d064f 2 4 12
0x7fa7b92d065b 2 4 10
0x7fa7b92d0665 2 3 7
0x7fa7b92d069d 2 5 15
0x7fa7b92d0899 2 4 14
0x7fa7b92d088c 2 4 13
0x7fa7b92d0885 2 2 7
0x7fa7b92d0820 2 5 15
0x7fa7b92d07f7 2 8 38
0x7fa7b92d07e0 2 9 23
0x7fa7b92d082f 2 2 9
0x7fa7b92d0838 2 5 15
0x7fa7b92d08c8 2 8 15
0x7fa7b92d084c 0 5 16
0x7fa7b92d0847 2 2 5
0x7fa7b92ee201 1 3 8
0x7fa7b92ee1d0 1 5 24
0x7fa7b930fd60 22006 2 9
0x7fa7b930fd69 22006 2 7
0x7fa7b930fd70 22006 2 8
0x7fa7b930fd78 22006 1 1
0x7fa7b931bf00 1 6 14
0x7fa7b931bf36 1 7 20
0x7fa7b931bf0e 1 3 8
0x7fa7b931bf16 1 3 13
0x7fa7b931bf23 1 2 5
0x7fa7b931bf28 0 10 34
0x7fa7b931bf50 1 3 12
0x7fa7cc7d6a80 12 1 6
0x7fa7cc7d6a90 11 1 6
0x7fa7cc7d6a80 6 1 6
0x7fa7cc7d6a90 6 1 6
0x7fa7cc7d6ab0 2 1 6
0x7fa7cc7d6ab0 7 1 6
0x7fa7cc7d7008 1 4 12
0x7fa7cc7d6fe2 0 5 26
0x7fa7cc7d6fde 1 2 4
0x7fa7cc7d6fc0 1 7 30
0x7fa7cc7d6fa1 0 4 19
0x7fa7cc7d6f99 1 3 8
0x7fa7cc7d6f94 1 1 5
0x7fa7cc7d6f8f 1 1 5
0x7fa7cc7d6ec8 1 6 31
0x7fa7cc7d6ee7 1 4 18
0x7fa7cc7d6ef9 1 7 36
0x7fa7cc7d6f70 0 5 31
0x7fa7cc7d6f68 1 3 8
0x7fa7cc7d6f54 1 6 20
0x7fa7cc7d6f1d 0 5 31
0x7fa7cc7d6f3c 1 4 14
0x7fa7cc7d6f4a 1 2 10
0x7fa7cc7d6f54 0 6 20
0x7fa7cc7d6f62 3 2 6
0x7fa7cc7d6f45 4 2 5
0x7fa7cc7d6f4a 3 2 10
0x7fa7cc7d7198 1 14 50
0x7fa7cc7d7190 1 2 8
0x7fa7cc7d71ca 1 3 13
0x7fa7cc7d71e0 3 2 8
0x7fa7cc7d71f0 2 2 5
0x7fa7cc7d71f0 2 2 5
0x7fa7cc7d7200 1 2 5
0x7fa7cc7d7200 1 2 5
0x7fa7cc7d7200 2 2 5
0x7fa7cc7d8802 0 2 13
0x7fa7cc7d8856 0 6 21
0x7fa7cc7d87c1 2 7 25
0x7fa7cc7d87da 1 5 23
0x7fa7cc7d87f1 1 3 17
0x7fa7cc7d8802 1 2 13
0x7fa7cc7d880f 1 2 12
0x7fa7cc7d87e1 1 4 16
0x7fa7cc7d87f1 1 3 17
0x7fa7cc7d884d 0 3 9
0x7fa7cc7d8898 1 4 16
0x7fa7cc7d7ed8 3 2 12
0x7fa7cc7d7ee4 2 2 12
0x7fa7cc7d7ef0 1 2 5
0x7fa7cc7d8769 1 3 14
0x7fa7cc7d874e 1 5 27
0x7fa7cc7d873f 1 4 15
0x7fa7cc7d9632 1 2 10
0x7fa7cc7d963c 0 2 13
0x7fa7cc7d9649 0 3 10
0x7fa7cc7d9649 3 3 10
0x7fa7cc7d9653 1 10 41
0x7fa7cc7d967c 0 1 5
0x7fa7cc7d7ed6 0 1 2
0x7fa7cc7d7ed8 0 2 12
0x7fa7cc7d7f77 0 4 15
0x7fa7cc7d7ebe 9 3 13
0x7fa7cc7d7ecb 8 3 11
0x7fa7cc7d7ed6 8 1 2
0x7fa7cc7d7ea3 5 2 9
0x7fa7cc7d7eac 4 2 9
0x7fa7cc7d7eb5 3 2 9
0x7fa7cc7d881b 1 9 50
0x7fa7cc7d80b1 1 4 14
0x7fa7cc7d8043 1 4 16
0x7fa7cc7d8053 1 8 51
0x7fa7cc7d809f 1 2 6
0x7fa7cc7d80a5 0 4 12
0x7fa7cc7d80b1 0 4 14
0x7fa7cc7d808f 20 5 16
0x7fa7cc7d809f 20 2 6
0x7fa7cc7d80a5 2 4 12
0x7fa7cc7d8036 1 3 13
0x7fa7cc7d80bf 0 7 21
0x7fa7cc7d80d4 0 3 8
0x7fa7cc7d8948 1 4 12
0x7fa7cc7d9632 2 2 10
0x7fa7cc7d8d6e 1 2 8
0x7fa7cc7d9649 0 3 10
0x7fa7cc7d9727 1 2 8
0x7fa7cc7d7f5d 1 5 26
0x7fa7cc7d802d 1 2 9
0x7fa7cc7d8015 1 4 24
0x7fa7cc7d7fee 1 5 39
0x7fa7cc7d7fe3 1 3 11
0x7fa7cc7d7fbb 1 8 40
0x7fa7cc7d7faf 1 3 12
0x7fa7cc7d7fa1 1 2 14
0x7fa7cc7d7faf 0 3 12
0x7fa7cc7d7f96 0 3 25
0x7fa7cc7d7f91 1 2 5
0x7fa7cc7d7f96 0 3 25
0x7fa7cc7d7f86 0 3 16
0x7fa7cc7d7f81 1 2 5
0x7fa7cc7d7f86 0 3 16
0x7fa7cc7d9748 0 1 2
0x7fa7cc7d930a 1 10 40
0x7fa7cc7d92a3 0 7 30
0x7fa7cc7d92a7 1 6 26
0x7fa7cc7d92c1 1 2 9
0x7fa7cc7d92ca 1 2 9
0x7fa7cc7d92d3 1 5 27
0x7fa7cc7d92ee 0 2 10
0x7fa7cc7d92f8 0 13 58
0x7fa7cc7d9f63 1 2 12
0x7fa7cc7d929a 1 4 9
0x7fa7cc7d9332 1 4 23
0x7fa7cc7d9349 1 1 5
0x7fa7cc7d7680 1 39 190
0x7fa7cc7d773e 1 3 12
0x7fa7cc7d774a 0 3 7
0x7fa7cc7d7751 0 2 4
0x7fa7cc7d7ad0 1 3 14
0x7fa7cc7d7ade 1 3 14
0x7fa7cc7d927a 1 6 32
0x7fa7cc7d8e55 0 2 12
0x7fa7cc7d8e4e 0 3 7
0x7fa7cc7d8e40 1 3 14
0x7fa7cc7d8e55 0 2 12
0x7fa7cc7d8e4e 1 3 7
0x7fa7cc7d8e30 1 3 11
0x7fa7cc7d8e18 1 4 24
0x7fa7cc7d8e0f 1 3 9
0x7fa7cc7d8df1 1 6 30
0x7fa7cc7d8ddd 2 6 20
0x7fa7cc7d8df1 0 6 30
0x7fa7cc7d8dd4 1 8 29
0x7fa7cc7d8db4 1 9 32
0x7fa7cc7d8d89 1 14 43
0x7fa7cc7d9653 0 10 41
0x7fa7cc7d93bd 0 2 14
0x7fa7cc7d93cb 0 3 14
0x7fa7cc7d98d9 1 3 13
0x7fa7cc7d94b1 1 10 65
0x7fa7cc7d94f2 1 2 8
0x7fa7cc7d94fa 0 3 12
0x7fa7cc7d95a0 1 16 64
0x7fa7cc7d964d 1 2 6
0x7fa7cc7d93ad 1 3 16
0x7fa7cc7d967c 0 1 5
0x7fa7cc7d95e0 3 7 32
0x7fa7cc7d9600 2 4 19
0x7fa7cc7d9613 2 8 31
0x7fa7cc7d9734 1 4 20
0x7fa7cc7d963c 1 2 13
0x7fa7cc7d9600 1 4 19
0x7fa7cc7d9613 0 8 31
0x7fa7cc7d9380 1 6 45
0x7fa7cc7d935f 1 7 33
0x7fa7cc7d934e 1 3 17
0x7fa7cc7d7ecb 1 3 11
0x7fa7cc7d7e91 1 5 18
0x7fa7cc7d7e43 1 12 78
0x7fa7cc7d7e36 1 2 13
0x7fa7cc7d8d76 1 4 19
0x7fa7cc7d7e05 1 9 49
0x7fa7cc7d7df9 1 3 12
0x7fa7cc7d7ddd 1 7 28
0x7fa7cc7d7bf4 0 6 22
0x7fa7cc7d7bc4 0 9 48
0x7fa7cc7d7bad 1 4 23
0x7fa7cc7d7aec 0 2 9
0x7fa7cc7d8581 0 3 13
0x7fa7cc7d84e0 1 3 13
0x7fa7cc7d84ed 1 14 58
0x7fa7cc7d8527 0 12 52
0x7fa7cc7d854e 1 3 13
0x7fa7cc7d855b 0 2 11
0x7fa7cc7d8566 0 2 8
0x7fa7cc7d8566 1 2 8
0x7fa7cc7d856e 0 3 19
0x7fa7cc7d84ed 0 14 58
0x7fa7cc7d8581 1 3 13
0x7fa7cc7d858e 1 4 17
0x7fa7cc7d859f 1 3 13
0x7fa7cc7d85b4 1 2 5
0x7fa7cc7d85b9 0 4 21
0x7fa7cc7d85ce 0 5 27
0x7fa7cc7d85c1 1 3 13
0x7fa7cc7d8396 1 2 9
0x7fa7cc7d8367 0 4 12
0x7fa7cc7d8373 0 4 14
0x7fa7cc7d972f 1 1 5
0x7fa7cc7d8361 8 2 6
0x7fa7cc7d8367 2 4 12
0x7fa7cc7d8346 3 8 27
0x7fa7cc7d8361 2 2 6
0x7fa7cc7d8367 1 4 12
0x7fa7cc7d85ce 0 5 27
0x7fa7cc7d839f 1 3 14
0x7fa7cc7d83ad 1 11 51
0x7fa7cc7d840a 1 3 10
0x7fa7cc7d8414 1 14 52
0x7fa7cc7d8448 1 14 52
0x7fa7cc7d84a6 1 3 13
0x7fa7cc7d84b3 0 14 58
0x7fa7cc7d8ccf 1 3 16
0x7fa7cc7d8bbe 1 2 12
0x7fa7cc7d8bca 1 3 14
0x7fa7cc7d8bd8 1 4 24
0x7fa7cc7d8bf0 1 14 79
0x7fa7cc7d8c3f 1 18 79
0x7fa7cc7d8c8e 1 6 21
0x7fa7cc7d8ca3 1 6 32
0x7fa7cc7d8cc3 0 1 5
0x7fa7cc7d870b 1 3 17
0x7fa7cc7d8cdf 1 4 23
0x7fa7cc7d8cf6 1 5 23
0x7fa7cc7d8d18 1 3 19
0x7fa7cc7d8d2b 1 3 14
0x7fa7cc7d8d39 1 3 17
0x7fa7cc7d8d4a 1 3 16
0x7fa7cc7d8d5a 1 4 20
0x7fa7cc7d8351 8 5 16
0x7fa7cc7d86fd 1 3 14
0x7fa7cc7d86f5 1 2 8
0x7fa7cc7d86ca 1 7 43
0x7fa7cc7d86bf 1 2 11
0x7fa7cc7d86b3 1 2 12
0x7fa7cc7d869a 1 6 25
0x7fa7cc7d8680 1 6 26
0x7fa7cc7d8677 1 2 9
0x7fa7cc7d866b 1 3 12
0x7fa7cc7d8656 1 5 21
0x7fa7cc7d861d 1 9 57
0x7fa7cc7d8615 1 2 8
0x7fa7cc7d8609 0 3 20
0x7fa7cc7d85fe 1 2 11
0x7fa7cc7d85e9 0 2 5
0x7fa7cc7d809f 2 2 6
0x7fa7cc7d9718 1 8 15
0x7fa7cc7d8954 0 4 16
0x7fa7cc7d8964 1 4 16
0x7fa7cc7d8974 1 4 16
0x7fa7cc7d8093 1 4 12
0x7fa7cc7d809f 1 2 6
0x7fa7cc7d80a5 0 4 12
0x7fa7cc7d8086 3 8 25
0x7fa7cc7d9713 1 1 5
0x7fa7cc7d80a5 2 4 12
0x7fa7cc7d80d4 1 3 8
0x7fa7cc7d80dc 0 3 9
0x7fa7cc7d8361 1 2 6
0x7fa7cc7d814d 1 3 12
0x7fa7cc7d8159 1 2 11
0x7fa7cc7d8164 1 2 7
0x7fa7cc7d80e5 0 4 13
0x7fa7cc7d9707 1 2 12
0x7fa7cc7d96fe 1 3 9
0x7fa7cc7d96f4 1 3 10
0x7fa7cc7d96ef 1 1 5
0x7fa7cc7d97fe 1 7 26
0x7fa7cc7d97d2 1 11 44
0x7fa7cc7d97c5 1 2 13
0x7fa7cc7d96ef 0 1 5
0x7fa7cc7d96e7 1 2 8
0x7fa7cc7d96d3 1 3 20
0x7fa7cc7d96b1 0 6 26
0x7fa7cc7d96a8 1 2 9
0x7fa7cc7d9694 1 3 20
0x7fa7cc7d968a 1 2 10
0x7fa7cc7d9681 1 2 9
0x7fa7cc7d8794 1 3 18
0x7fa7cc7d816b 1 3 18
0x7fa7cc7d82a7 3 3 7
0x7fa7cc7d82ae 0 9 39
0x7fa7cc7d82d5 0 10 54
0x7fa7cc7d8288 3 2 9
0x7fa7cc7d8291 2 2 9
0x7fa7cc7d829a 2 4 13
0x7fa7cc7d8777 1 3 11
0x7fa7cc7d8782 1 4 18
0x7fa7cc7d8281 0 1 2
0x7fa7cc7d87a6 1 2 14
0x7fa7cc7d87b4 1 2 13
0x7fa7cc7d829a 1 4 13
0x7fa7cc7d82a7 1 3 7
0x7fa7cc7d82ae 1 9 39
0x7fa7cc7d82d5 1 10 54
0x7fa7cc7d830b 1 4 13
0x7fa7cc7d8318 1 7 46
0x7fa7cc7d824b 1 3 12
0x7fa7cc7d817d 1 3 12
0x7fa7cc7d8189 0 4 16
0x7fa7cc7d81b8 1 3 12
0x7fa7cc7d81c4 0 5 26
0x7fa7cc7d81de 0 2 5
0x7fa7cc7d81f1 1 2 10
0x7fa7cc7d81fb 0 3 19
0x7fa7cc7d8206 1 2 8
0x7fa7cc7d820e 1 4 19
0x7fa7cc7d8221 1 2 14
0x7fa7cc7d822f 1 7 28
0x7fa7cc7d8257 1 9 42
0x7fa7cc7da710 1 6 24
0x7fa7cc7da728 1 2 4
0x7fa7cc7da72c 0 3 6
0x7fa7cc7da732 0 2 2
0x7fa7cc7da732 1 2 2
0x7fa7cc7da750 1 22 85
0x7fa7cc7daa16 1 9 38
0x7fa7cc7daa3c 1 9 18
0x7fa7cc7daac6 1 12 47
0x7fa7cc7dab79 1 11 40
0x7fa7cc7dab69 1 3 16
0x7fa7cc7dab5b 1 2 14
0x7fa7cc7dab48 9 6 19
0x7fa7cc7dab38 9 4 16
0x7fa7cc7dab48 1 6 19
0x7fa7cc7dab32 1 5 22
0x7fa7cc7daaf5 1 15 61
0x7fa7cc7daba1 1 2 9
0x7fa7cc7daaa1 1 9 37
0x7fa7cc7daa98 1 2 9
0x7fa7cc7da949 0 2 14
0x7fa7cc7da940 1 2 9
0x7fa7cc7da932 1 2 14
0x7fa7cc7da924 1 2 14
0x7fa7cc7da916 1 2 14
0x7fa7cc7da90a 1 3 12
0x7fa7cc7dabaa 8 6 28
0x7fa7cc7da9b6 1 17 96
0x7fa7cc7da9a3 1 3 19
0x7fa7cc7da974 4 16 47
0x7fa7cc7da9a3 0 3 19
0x7fa7cc7da968 1 18 59
0x7fa7cc7da957 1 3 17
0x7fa7cc7dabd0 8 3 9
0x7fa7cc7dabc6 8 3 10
0x7fa7cc7da7a5 1 11 63
0x7fa7cc7daba1 8 2 9
0x7fa7cc7dab80 8 10 33
0x7fa7cc7dac1f 1 1 5
0x7fa7cc7dac0b 9 5 20
0x7fa7cc7dabd0 1 3 9
0x7fa7cc7dabc6 1 3 10
0x7fa7cc7dabaa 1 6 28
0x7fa7cc7daa5a 0 6 24
0x7fa7cc7da815 2 8 29
0x7fa7cc7da805 0 4 16
0x7fa7cc7da7ff 1 2 6
0x7fa7cc7da7f3 1 4 12
0x7fa7cc7dabf0 1 3 12
0x7fa7cc7dabe0 1 4 16
0x7fa7cc7daa88 0 3 12
0x7fa7cc7daa78 1 4 16
0x7fa7cc7da8f0 1 3 12
0x7fa7cc7daa50 1 4 10
0x7fa7cc7da805 3 4 16
0x7fa7cc7da7ff 14 2 6
0x7fa7cc7da7e8 14 6 23
0x7fa7cc7da815 3 8 29
0x7fa7cc7da805 3 4 16
0x7fa7cc7da7ff 5 2 6
0x7fa7cc7da897 1 4 16
0x7fa7cc7da832 0 2 9
0x7fa7cc7da8fc 1 2 14
0x7fa7cc7da8de 1 3 18
0x7fa7cc7da8d2 1 3 12
0x7fa7cc7da8c7 1 2 11
0x7fa7cc7da8b7 1 4 16
0x7fa7cc7da8a7 1 4 16
0x7fa7cc7da887 1 4 16
0x7fa7cc7da877 1 4 16
0x7fa7cc7da867 1 4 16
0x7fa7cc7da857 1 4 16
0x7fa7cc7da847 1 4 16
0x7fa7cc7da83b 1 3 12
0x7fa7cc7da832 1 2 9
0x7fa7cc7da83b 0 3 12
0x7fa7cc7db04a 1 2 5
0x7fa7cc7db030 1 5 14
0x7fa7cc7db03e 1 3 12
0x7fa7cc7db04f 1 7 20
0x7fa7cc7db3dd 2 2 4
0x7fa7cc7db372 0 2 7
0x7fa7cc7db340 5 8 34
0x7fa7cc7db362 5 2 6
0x7fa7cc7db368 1 3 10
0x7fa7cc7db372 1 2 7
0x7fa7cc7db379 1 4 17
0x7fa7cc7db38a 1 2 7
0x7fa7cc7db3c9 1 4 20
0x7fa7cc7db3e1 1 2 9
0x7fa7cc7db3ea 1 6 20
0x7fa7cc7db3c3 1 6 26
0x7fa7cc7db3fe 1 4 13
0x7fa7cc7db40b 1 9 28
0x7fa7cc7db427 0 3 17
0x7fa7cc7db447 1 8 15
0x7fa7cc7db398 1 10 43
0x7fa7cc7db362 1 2 6
0x7fa7cc7db1f0 1 15 45
0x7fa7cc7db21d 1 4 16
0x7fa7cc7db22d 1 3 12
0x7fa7cc7db239 1 9 44
0x7fa7cc7db265 1 2 9
0x7fa7cc7db26e 1 4 12
0x7fa7cc7db27a 1 3 13
0x7fa7cc7db287 1 5 24
0x7fa7cc7db29f 1 2 8
0x7fa7cc7db368 0 3 10
0x7fa7cc7db2b3 1 4 21
0x7fa7cc7db2c8 1 2 8
0x7fa7cc7db2d0 1 2 10
0x7fa7cc7db2da 1 2 11
0x7fa7cc7db2e5 1 4 17
0x7fa7cc7db2f6 1 2 11
0x7fa7cc7db301 1 9 39
0x7fa7cc7db328 1 4 17
0x7fa7cc7db339 1 2 5
0x7fa7cc7db2a7 1 3 12
0x7fa7cc7dc260 0 5 23
0x7fa7cc7dc390 1 6 25
0x7fa7cc7dc3a9 1 1 5
0x7fa7cc7dc260 1 5 23
0x7fa7cc7dc277 1 5 28
0x7fa7cc7dc293 1 4 17
0x7fa7cc7dc327 2 6 25
0x7fa7cc7dc340 1 4 16
0x7fa7cc7dc350 1 8 34
0x7fa7cc7dc372 1 2 10
0x7fa7cc7dc143 1 2 13
0x7fa7cc7dc37c 0 2 12
0x7fa7cc7dc233 1 8 45
0x7fa7cc7dc222 1 3 17
0x7fa7cc7dc1f3 1 7 47
0x7fa7cc7dc1b4 1 10 63
0x7fa7cc7dc198 1 7 28
0x7fa7cc7dc150 1 5 29
0x7fa7cc7dc170 1 3 15
0x7fa7cc7dbfaf 1 1 2
0x7fa7cc7dbfa8 1 3 7
0x7fa7cc7dbf7f 1 9 41
0x7fa7cc7dc437 3 4 12
0x7fa7cc7dc7ae 1 8 32
0x7fa7cc7dc431 18 2 6
0x7fa7cc7dc421 18 5 16
0x7fa7cc7dc443 0 4 14
0x7fa7cc7dc437 0 4 12
0x7fa7cc7dc431 1 2 6
0x7fa7cc7dc3e9 1 7 42
0x7fa7cc7dc3dd 1 4 12
0x7fa7cc7dc3ca 1 5 19
0x7fa7cc7dc3ae 1 5 28
0x7fa7cc7dc7d8 0 2 12
0x7fa7cc7dc7ce 1 2 10
0x7fa7cc7dc26e 1 3 9
0x7fa7cc7dc327 0 6 25
0x7fa7cc7dc31e 1 2 9
0x7fa7cc7dc2fc 1 6 34
0x7fa7cc7dc2d7 1 8 37
0x7fa7cc7dc2ce 1 2 9
0x7fa7cc7dc2a4 1 12 42
0x7fa7cc7dc293 1 4 17
0x7fa7cc7dc285 1 2 14
0x7fa7cc7dc293 0 4 17
0x7fa7cc7dc277 0 5 28
0x7fa7cc7dbdc1 2 2 10
0x7fa7cc7dbf20 1 14 58
0x7fa7cc7dbedc 1 14 68
0x7fa7cc7dbe90 1 15 76
0x7fa7cc7dbe84 1 3 12
0x7fa7cc7dbe5d 1 8 39
0x7fa7cc7dbe54 1 2 9
0x7fa7cc7dbe42 1 4 18
0x7fa7cc7dbe35 1 2 13
0x7fa7cc7dbe2b 1 2 10
0x7fa7cc7dbe20 1 2 11
0x7fa7cc7dbdcb 2 2 9
0x7fa7cc7dbfa8 1 3 7
0x7fa7cc7dbdb8 3 3 9
0x7fa7cc7dbdd4 0 2 9
0x7fa7cc7dbdcb 1 2 9
0x7fa7cc7dbdc1 1 2 10
0x7fa7cc7dbda2 1 3 16
0x7fa7cc7dbd86 1 7 28
0x7fa7cc7dbd7e 1 2 8
0x7fa7cc7dbd63 1 5 27
0x7fa7cc7dbd20 1 18 67
0x7fa7cc7dc52d 1 2 4
0x7fa7cc7dc050 2 7 27
0x7fa7cc7dc112 1 8 44
0x7fa7cc7dc180 1 4 18
0x7fa7cc7dc106 0 9 56
0x7fa7cc7dc0ed 1 5 25
0x7fa7cc7dc0e0 1 3 13
0x7fa7cc7dbf76 2 2 9
0x7fa7cc7dbf6b 3 2 11
0x7fa7cc7dbf60 4 2 11
0x7fa7cc7dc0b4 1 12 43
0x7fa7cc7dc0c1 1 9 30
0x7fa7cc7dc06b 2 20 73
0x7fa7cc7dc13e 1 1 5
0x7fa7cc7dc038 2 5 24
0x7fa7cc7dbfc2 1 6 28
0x7fa7cc7dbfba 3 3 8
0x7fa7cc7dbfb1 5 2 9
0x7fa7cc7dbfaf 8 1 2
0x7fa7cc7dbfa8 8 3 7
0x7fa7cc7dbf80 9 8 40
0x7fa7cc7dc020 1 3 17
0x7fa7cc7dbfb1 0 2 9
0x7fa7cc7dbfaf 0 1 2
0x7fa7cc7dc46b 1 3 9
0x7fa7cc7dc50c 1 3 12
0x7fa7cc7dc4fa 1 3 18
0x7fa7cc7dc691 1 3 14
0x7fa7cc7dc69f 1 9 18
0x7fa7cc7dc4f3 1 2 7
0x7fa7cc7dc4e8 1 2 11
0x7fa7cc7dc4d8 1 4 16
0x7fa7cc7dc4c8 1 4 16
0x7fa7cc7dc4b8 1 4 16
0x7fa7cc7dc4a8 1 4 16
0x7fa7cc7dc49b 1 4 13
0x7fa7cc7dc48e 1 4 13
0x7fa7cc7dc481 1 4 13
0x7fa7cc7dc474 1 4 13
0x7fa7cc7dc518 1 4 14
0x7fa7cc7dc466 1 2 5
0x7fa7cc7dc437 5 4 12
0x7fa7cc7dc431 6 2 6
0x7fa7cc7dc418 7 8 25
0x7fa7cc7dc437 0 4 12
0x7fa7cc7dc431 1 2 6
0x7fa7cc7dc425 1 4 12
0x7fa7cc7dc737 1 5 26
0x7fa7cc7dc727 1 4 16
0x7fa7cc7dc717 0 4 16
0x7fa7cc7dc70b 1 4 12
0x7fa7cc7dc466 0 2 5
0x7fa7cc7dc451 0 7 21
0x7fa7cc7dc443 1 4 14
0x7fa7cc7dc685 1 3 12
0x7fa7cc7dc62f 1 2 8
0x7fa7cc7dc60e 1 6 33
0x7fa7cc7dc7f2 0 3 14
0x7fa7cc7dc7e8 1 2 10
0x7fa7cc7dc60e 0 6 33
0x7fa7cc7dc5f9 1 5 21
0x7fa7cc7dc5f1 1 2 8
0x7fa7cc7dc5dc 1 4 21
0x7fa7cc7dc5d0 1 3 12
0x7fa7cc7dc5af 1 7 33
0x7fa7cc7dc59f 1 3 16
0x7fa7cc7dc596 1 2 9
0x7fa7cc7dc573 1 4 24
0x7fa7cc7dc58b 0 3 20
0x7fa7cc7dc65b 1 6 42
0x7fa7cc7dc531 0 3 11
0x7fa7cc7dc53c 0 4 23
0x7fa7cc7dc538 1 2 4
0x7fa7cc7dc53c 1 4 23
0x7fa7cc7dc553 1 6 27
0x7fa7cc7dc56e 1 2 5
0x7fa7cc7dc64b 1 2 9
0x7fa7cc7dc63d 1 2 14
0x7fa7cc7dc637 1 2 6
0x7fa7cc7dda94 1 4 19
0x7fa7cc7ddaa7 1 9 49
0x7fa7cc7ddad8 1 3 13
0x7fa7cc7ddae5 1 11 68
0x7fa7cc7ddb29 1 6 24
0x7fa7cc7ddb30 3 4 17
0x7fa7cc7ddd08 1 8 24
0x7fa7cc7ddc27 0 3 13
0x7fa7cc7ddc1c 0 2 11
0x7fa7cc7ddc13 1 2 9
0x7fa7cc7ddd69 1 2 16
0x7fa7cc7ddd37 0 7 34
0x7fa7cc7ddd20 1 4 23
0x7fa7cc7ddbdb 0 7 34
0x7fa7cc7ddbcb 1 3 16
0x7fa7cc7ddbb8 1 4 19
0x7fa7cc7ddb92 1 6 38
0x7fa7cc7ddb80 3 4 18
0x7fa7cc7ddb78 1 5 26
0x7fa7cc7ddb41 1 12 55
0x7fa7cc7dda50 1 13 51
0x7fa7cc7dda83 1 3 17
0x7fa7cc7de355 0 2 7
0x7fa7cc7ddf28 4 2 14
0x7fa7cc7ddf36 0 3 9
0x7fa7cc7ddf3f 0 3 12
0x7fa7cc7de56e 4 3 16
0x7fa7cc7de57e 2 7 28
0x7fa7cc7de01a 1 12 57
0x7fa7cc7de005 1 5 21
0x7fa7cc7de202 0 4 18
0x7fa7cc7de1f5 1 2 13
0x7fa7cc7de343 1 4 18
0x7fa7cc7de339 1 2 10
0x7fa7cc7de330 1 3 9
0x7fa7cc7de314 1 6 28
0x7fa7cc7de306 1 3 14
0x7fa7cc7de2f9 1 2 13
0x7fa7cc7de2eb 1 3 14
0x7fa7cc7de2e1 1 3 10
0x7fa7cc7ddfb8 0 2 9
0x7fa7cc7de523 0 2 5
0x7fa7cc7de50f 1 4 20
0x7fa7cc7de470 1 17 76
0x7fa7cc7de103 1 2 15
0x7fa7cc7de0fa 1 2 9
0x7fa7cc7de0e4 1 4 22
0x7fa7cc7ddf4f 2 3 11
0x7fa7cc7ddf5a 5 2 4
0x7fa7cc7ddf5e 1 9 21
0x7fa7cc7de0dc 1 2 8
0x7fa7cc7ddfc1 0 4 13
0x7fa7cc7de528 0 6 28
0x7fa7cc7ddfaf 1 2 9
0x7fa7cc7ddf93 1 6 28
0x7fa7cc7ddf85 1 3 14
0x7fa7cc7ddf78 1 2 13
0x7fa7cc7de5a7 0 3 12
0x7fa7cc7de59a 2 3 13
0x7fa7cc7ddf4f 3 3 11
0x7fa7cc7ddf4b 3 2 4
0x7fa7cc7ddf3f 3 3 12
0x7fa7cc7ddf36 4 3 9
0x7fa7cc7de120 0 15 75
0x7fa7cc7ddef5 2 2 13
0x7fa7cc7ddf02 2 9 33
0x7fa7cc7ddf3f 2 3 12
0x7fa7cc7ddf4b 2 2 4
0x7fa7cc7de2d9 1 2 8
0x7fa7cc7de2cb 1 3 14
0x7fa7cc7de2b0 1 6 27
0x7fa7cc7de19f 0 2 9
0x7fa7cc7de185 1 4 26
0x7fa7cc7de173 1 6 18
0x7fa7cc7de278 1 3 15
0x7fa7cc7dded0 2 12 37
0x7fa7cc7de112 1 2 14
0x7fa7cc7de3f5 1 4 24
0x7fa7cc7de3e3 1 4 18
0x7fa7cc7de3d5 1 3 14
0x7fa7cc7de278 0 3 15
0x7fa7cc7de267 0 3 17
0x7fa7cc7de24d 1 5 26
0x7fa7cc7de523 0 2 5
0x7fa7cc7de50f 0 4 20
0x7fa7cc7de4ff 1 3 16
0x7fa7cc7de053 1 1 5
0x7fa7cc7ddf61 1 8 18
0x7fa7cc7deb01 73 5 20
0x7fa7cc7deb5a 98 7 14
0x7fa7cc7debd0 0 1 5
0x7fa7cc7debcc 98 2 4
0x7fa7cc7debc0 98 3 12
0x7fa7cc7deb1e 73 10 41
0x7fa7cc7deb15 73 2 9
0x7fa7cc7deaf9 30 2 8
0x7fa7cc7deb01 25 5 20
0x7fa7cc7deb1e 25 10 41
0x7fa7cc7deaa0 103 11 34
0x7fa7cc7deac2 103 5 19
0x7fa7cc7dead5 103 3 14
0x7fa7cc7deb47 0 3 9
0x7fa7cc7deb50 0 2 4
0x7fa7cc7deae3 103 2 6
0x7fa7cc7debb0 5 7 13
0x7fa7cc7deb15 25 2 9
0x7fa7cc7deae9 30 4 16
0x7fa7cc7ded97 19 5 23
0x7fa7cc7dedae 19 4 15
0x7fa7cc7dedf0 98 15 50
0x7fa7cc7dede7 85 2 9
0x7fa7cc7dede2 85 2 5
0x7fa7cc7dedd2 98 4 16
0x7fa7cc7df556 0 4 17
0x7fa7cc7df3c0 4 5 20
0x7fa7cc7df53e 94 5 24
0x7fa7cc7df416 4 5 16
0x7fa7cc7df36d 0 1 5
0x7fa7cc7df35b 4 5 18
0x7fa7cc7df3c0 5 5 20
0x7fa7cc7df3d4 0 1 5
0x7fa7cc7df378 5 8 36
0x7fa7cc7df39c 5 8 36
0x7fa7cc7df45f 4 8 33
0x7fa7cc7df43b 43 10 36
0x7fa7cc7df426 4 6 21
0x7fa7cc7ded7e 18 5 25
0x7fa7cc7df406 4 5 16
0x7fa7cc7df3f6 4 5 16
0x7fa7cc7df3ed 4 3 9
0x7fa7cc7df3d9 4 5 20
0x7fa7cc7df3d4 4 1 5
0x7fa7cc7df39c 4 8 36
0x7fa7cc7def48 13 3 14
0x7fa7cc7def56 0 3 15
0x7fa7cc7def65 0 4 17
0x7fa7cc7ded63 1 3 8
0x7fa7cc7decee 205 3 14
0x7fa7cc7dece1 205 2 13
0x7fa7cc7decd4 205 2 13
0x7fa7cc7decc7 1 2 13
0x7fa7cc7decc0 100 2 7
0x7fa7cc7dec20 100 35 160
0x7fa7cc7dedbd 0 2 4
0x7fa7cc7ded54 1 3 15
0x7fa7cc7df4ed 89 5 12
0x7fa7cc7ded6b 1 3 10
0x7fa7cc7ded75 1 3 9
0x7fa7cc7ded7e 1 5 25
0x7fa7cc7df36d 0 1 5
0x7fa7cc7df34c 0 9 33
0x7fa7cc7df33b 4 4 17
0x7fa7cc7dee10 2 8 18
0x7fa7cc7ded21 201 14 51
0x7fa7cc7df4f9 59 16 69
0x7fa7cc7df4e0 90 3 13
0x7fa7cc7df4f9 35 16 69
0x7fa7cc7df4ed 95 5 12
0x7fa7cc7df4ce 95 3 13
0x7fa7cc7df4b2 95 8 28
0x7fa7cc7decc7 1 2 13
0x7fa7cc7decc0 106 2 7
0x7fa7cc7dec98 106 7 40
0x7fa7cc7dedbd 2 2 4
0x7fa7cc7dedb0 89 3 13
0x7fa7cc7ded75 100 3 9
0x7fa7cc7ded6b 106 3 10
0x7fa7cc7ded63 106 3 8
0x7fa7cc7ded54 106 3 15
0x7fa7cc7decfc 205 8 37
0x7fa7cc7df700 0 3 9
0x7fa7cc7df709 0 4 11
0x7fa7cc7df6a3 0 15 74
0x7fa7cc7dfe21 2 3 9
0x7fa7cc7df6f2 2 2 14
0x7fa7cc7dfa35 1 2 15
0x7fa7cc7df690 2 1 6
0x7fa7cc7df696 2 4 13
0x7fa7cc7dfe35 0 2 7
0x7fa7cc7df590 4 17 57
0x7fa7cc7df5c9 4 11 39
0x7fa7cc7df5f0 0 9 57
0x7fa7cc7df590 96 17 57
0x7fa7cc7df5c9 96 11 39
0x7fa7cc7df5f0 0 9 57
0x7fa7cc7df5d8 1161 8 24
0x7fa7cc7df5f0 100 9 57
0x7fa7cc7df629 98 2 13
0x7fa7cc7df636 100 4 21
0x7fa7cc7df64b 100 3 20
0x7fa7cc7df65f 100 7 44
0x7fa7cc7df6a5 100 14 72
0x7fa7cc7df6ed 100 2 5
0x7fa7cc7df6f2 98 2 14
0x7fa7cc7df700 98 3 9
0x7fa7cc7df709 98 4 11
0x7fa7cc7df714 98 7 33
0x7fa7cc7df735 98 3 14
0x7fa7cc7df743 98 3 18
0x7fa7cc7df755 98 10 26
0x7fa7cc7df760 2 8 15
0x7fa7cc7dfe3c 2 3 15
0x7fa7cc7dfe2a 2 4 11
0x7fa7cc7e0636 2 14 61
0x7fa7cc7e061c 2 8 26
0x7fa7cc7e0610 3 3 12
0x7fa7cc7e0610 1 3 12
0x7fa7cc7e067c 1 8 35
0x7fa7cc7e0673 1 3 9
0x7fa7cc7e061c 1 8 26
0x7fa7cc7e0636 1 14 61
0x7fa7cc7e0704 1 15 68
0x7fa7cc7e0704 1 15 68
0x7fa7cc7e06fb 1 3 9
0x7fa7cc7e06f8 2 4 12
0x7fa7cc7e0704 0 15 68
0x7fa7cc7e06fb 1 3 9
0x7fa7cc7e06f3 0 1 2
0x7fa7cc7e070c 1 13 60
0x7fa7cc7e0748 1 2 5
0x7fa7cc7e06f3 1 1 2
0x7fa7cc7e06d9 2 7 26
0x7fa7cc7e06c0 2 7 25
0x7fa7cc7e06d9 1 7 26
0x7fa7cc7e06c0 1 7 25
0x7fa7cc7e08da 0 1 5
0x7fa7cc7e08c3 1 5 23
0x7fa7cc7e09c8 1 3 16
0x7fa7cc7e08e3 1 3 12
0x7fa7cc7e08ef 1 3 15
0x7fa7cc7e08fe 0 9 44
0x7fa7cc7e0869 0 9 39
0x7fa7cc7e0890 1 10 51
0x7fa7cc7e0890 0 10 51
0x7fa7cc7e0869 0 9 39
0x7fa7cc7e0859 1 4 16
0x7fa7cc7e09f8 1 2 16
0x7fa7cc7e08da 1 1 5
0x7fa7cc7e09e3 0 3 14
0x7fa7cc7e09a8 1 10 25
0x7fa7cc7e0a5d 1 4 15
0x7fa7cc7e0a50 10 4 13
0x7fa7cc7e0a5d 0 4 15
0x7fa7cc7e0a53 1 3 10
0x7fa7cc7e0a49 1 1 2
0x7fa7cc7e09d8 0 2 11
0x7fa7cc7e0908 1 7 34
0x7fa7cc7e092a 1 3 13
0x7fa7cc7e0937 1 6 21
0x7fa7cc7e094c 1 1 5
0x7fa7cc7e0a6c 1 2 8
0x7fa7cc7e0a74 1 3 8
0x7fa7cc7e0a7c 1 2 5
0x7fa7cc7e0a3a 1 3 15
0x7fa7cc7e08fe 1 9 44
0x7fa7cc7e0900 1 8 42
0x7fa7cc7e0869 1 9 39
0x7fa7cc7e0890 0 10 51
0x7fa7cc7e0880 15 4 16
0x7fa7cc7e0890 1 10 51
0x7fa7cc7e08c3 0 5 23
0x7fa7cc7e08d5 1 2 5
0x7fa7cc7e0a08 2 4 18
0x7fa7cc7e0a1a 1 1 2
0x7fa7cc7e080e 1 15 75
0x7fa7cc7e092a 0 3 13
0x7fa7cc7e09b2 2 8 15
0x7fa7cc7e0890 1 10 51
0x7fa7cc7e08c3 1 5 23
0x7fa7cc7e08da 1 1 5
0x7fa7cc7e09c8 1 3 16
0x7fa7cc7e09d8 1 2 11
0x7fa7cc7e09e3 0 3 14
0x7fa7cc7e0a94 1 2 10
0x7fa7cc7e0750 1 15 47
0x7fa7cc7e080e 2 15 75
0x7fa7cc7e0859 0 4 16
0x7fa7cc7e0869 0 9 39
0x7fa7cc7e07e0 2 9 46
0x7fa7cc7e07e0 1 9 46
0x7fa7cc7e07d4 1 3 12
0x7fa7cc7e09f8 2 2 16
0x7fa7cc7e0859 2 4 16
0x7fa7cc7e0799 1 13 59
0x7fa7cc7e077f 1 7 26
0x7fa7cc7e0859 0 4 16
0x7fa7cc7e092a 0 3 13
0x7fa7cc7e07d4 2 3 12
0x7fa7cc7e0799 2 13 59
0x7fa7cc7e077f 2 7 26
0x7fa7cc7e0750 2 15 47
0x7fa7cc7e0c6d 3 3 13
0x7fa7cc7e0c7a 3 2 4
0x7fa7cc7e0c40 3 12 45
0x7fa7cc7e0c7e 3 2 2
0x7fa7cc7e10cc 1 2 5
0x7fa7cc7e10d1 0 6 22
0x7fa7cc7e0ea8 1 7 32
0x7fa7cc7e10e7 0 2 10
0x7fa7cc7e1628 1 3 13
0x7fa7cc7e0df3 2 2 14
0x7fa7cc7e1635 1 6 24
0x7fa7cc7e16de 1 2 7
0x7fa7cc7e16d0 1 2 14
0x7fa7cc7e0f54 0 1 5
0x7fa7cc7e0f49 0 4 11
0x7fa7cc7e0ed1 1 24 120
0x7fa7cc7e0ec8 1 2 9
0x7fa7cc7e0e29 2 2 9
0x7fa7cc7e0e96 1 4 18
0x7fa7cc7e135c 1 1 5
0x7fa7cc7e1341 1 5 27
0x7fa7cc7e132d 1 4 20
0x7fa7cc7e1318 1 5 21
0x7fa7cc7e0e01 2 6 40
0x7fa7cc7e0e32 1 5 17
0x7fa7cc7e1128 3 12 58
0x7fa7cc7e0e73 2 12 53
0x7fa7cc7e0e50 3 8 35
0x7fa7cc7e0e43 3 3 13
0x7fa7cc7e0e40 18 1 3
0x7fa7cc7e0e40 3 1 3
0x7fa7cc7e0e32 2 5 17
0x7fa7cc7e0e29 1 2 9
0x7fa7cc7e0e01 1 6 40
0x7fa7cc7e0df3 1 2 14
0x7fa7cc7e12ee 0 2 12
0x7fa7cc7e12de 1 3 16
0x7fa7cc7e12d0 3 2 14
0x7fa7cc7e0dcf 3 3 16
0x7fa7cc7e164d 1 3 10
0x7fa7cc7e0fba 0 2 8
0x7fa7cc7e0fb5 0 2 5
0x7fa7cc7e0fb0 1 2 5
0x7fa7cc7e0f80 9 4 12
0x7fa7cc7e0f70 9 3 16
0x7fa7cc7e0f60 9 4 16
0x7fa7cc7e0f9d 0 5 15
0x7fa7cc7e0f95 0 3 8
0x7fa7cc7e0f8c 9 3 9
0x7fa7cc7e165d 0 2 13
0x7fa7cc7e0dae 3 6 33
0x7fa7cc7e0d80 3 14 46
0x7fa7cc7e1657 1 1 6
0x7fa7cc7e1104 5 3 16
0x7fa7cc7e1289 3 3 7
0x7fa7cc7e1290 3 6 23
0x7fa7cc7e12a7 3 2 10
0x7fa7cc7e11f4 13 12 50
0x7fa7cc7e1226 13 13 71
0x7fa7cc7e1510 5 2 14
0x7fa7cc7e151e 4 2 12
0x7fa7cc7e1740 1 3 19
0x7fa7cc7e13ba 1 3 8
0x7fa7cc7e13d5 1 3 9
0x7fa7cc7e13de 1 14 62
0x7fa7cc7e141c 0 2 13
0x7fa7cc7e1730 5 2 8
0x7fa7cc7e14a8 5 6 22
0x7fa7cc7e14be 5 3 9
0x7fa7cc7e1d03 3 5 31
0x7fa7cc7e10f1 1189 6 19
0x7fa7cc7e10e7 1189 2 10
0x7fa7cc7e10d8 1189 5 15
0x7fa7cc7e10f1 1 6 19
0x7fa7cc7e10e7 1 2 10
0x7fa7cc7e10d1 1 6 22
0x7fa7cc7e10cc 2 2 5
0x7fa7cc7e10c3 3 2 9
0x7fa7cc7e10a0 5 8 35
0x7fa7cc7e0f54 0 1 5
0x7fa7cc7e0f49 0 4 11
0x7fa7cc7e0edd 2 21 108
0x7fa7cc7e1309 2 3 12
0x7fa7cc7e1300 2 2 9
0x7fa7cc7e1580 10 3 13
0x7fa7cc7e12b1 90 5 23
0x7fa7cc7e1370 91 6 33
0x7fa7cc7e1391 1 6 25
0x7fa7cc7e13aa 0 3 16
0x7fa7cc7e1150 105 4 18
0x7fa7cc7e1162 100 12 58
0x7fa7cc7e119c 100 2 10
0x7fa7cc7e11a6 100 2 9
0x7fa7cc7e11af 100 4 16
0x7fa7cc7e11bf 89 3 17
0x7fa7cc7e1500 11 3 11
0x7fa7cc7e1290 11 6 23
0x7fa7cc7e12a7 11 2 10
0x7fa7cc7e12b1 11 5 23
0x7fa7cc7e0ddf 2 4 20
0x7fa7cc7e158d 10 4 21
0x7fa7cc7e15a2 10 6 23
0x7fa7cc7e1380 17 3 17
0x7fa7cc7e1391 2 6 25
0x7fa7cc7e13aa 1 3 16
0x7fa7cc7e15e0 1 2 9
0x7fa7cc7e15e9 1 3 15
0x7fa7cc7e11d0 86 8 26
0x7fa7cc7e11ea 73 15 60
0x7fa7cc7e1226 73 13 71
0x7fa7cc7e12a7 2 2 10
0x7fa7cc7e12b1 2 5 23
0x7fa7cc7e1cc5 3 7 25
0x7fa7cc7e1cde 3 10 37
0x7fa7cc7e0f36 3 5 19
0x7fa7cc7e0ea8 2 7 32
0x7fa7cc7e12a7 87 2 10
0x7fa7cc7e1290 87 6 23
0x7fa7cc7e126d 89 8 35
0x7fa7cc7e1226 3 13 71
0x7fa7cc7e11ea 3 15 60
0x7fa7cc7e11d0 3 8 26
0x7fa7cc7e11bf 3 3 17
0x7fa7cc7e11af 3 4 16
0x7fa7cc7e1000 1 5 28
0x7fa7cc7e101c 0 4 17
0x7fa7cc7e102d 0 3 22
0x7fa7cc7e1758 3 7 34
0x7fa7cc7e0ec8 2 2 9
0x7fa7cc7e0f49 1 4 11
0x7fa7cc7e0f54 0 1 5
0x7fa7cc7e1008 5 3 20
0x7fa7cc7e101c 3 4 17
0x7fa7cc7e102d 3 3 22
0x7fa7cc7e1043 3 2 10
0x7fa7cc7e104d 3 2 8
0x7fa7cc7e1055 3 9 18
0x7fa7cc7e11a6 3 2 9
0x7fa7cc7e119c 3 2 10
0x7fa7cc7e1162 3 12 58
0x7fa7cc7e1114 5 4 20
0x7fa7cc7e13de 4 14 62
0x7fa7cc7e13d5 4 3 9
0x7fa7cc7e13c8 5 3 13
0x7fa7cc7e14c7 5 2 8
0x7fa7cc7e0ed1 0 24 120
0x7fa7cc7e2312 2 3 6
0x7fa7cc7e22e0 2 14 50
0x7fa7cc7e27c4 1 3 10
0x7fa7cc7e25e9 1 2 14
0x7fa7cc7e25f7 1 3 8
0x7fa7cc7e25db 1 2 14
0x7fa7cc7e2539 2 7 44
0x7fa7cc7e2b25 1 10 38
0x7fa7cc7e2b19 1 3 12
0x7fa7cc7e24a7 0 13 54
0x7fa7cc7e2530 2 2 9
0x7fa7cc7e2b11 1 3 8
0x7fa7cc7e2af6 1 1 2
0x7fa7cc7e2a65 1 10 40
0x7fa7cc7e2676 1 2 9
0x7fa7cc7e2b4b 1 3 14
0x7fa7cc7e2ab9 1 9 38
0x7fa7cc7e265a 1 6 28
0x7fa7cc7e24a7 2 13 54
0x7fa7cc7e264b 1 4 15
0x7fa7cc7e262a 1 8 33
0x7fa7cc7e261e 1 3 12
0x7fa7cc7e2565 2 3 13
0x7fa7cc7e2572 2 3 17
0x7fa7cc7e249c 0 2 11
0x7fa7cc7e2870 2 3 13
0x7fa7cc7e287d 2 9 37
0x7fa7cc7e28a2 1 3 16
0x7fa7cc7e28b2 1 6 33
0x7fa7cc7e28d3 1 4 23
0x7fa7cc7e287d 1 9 37
0x7fa7cc7e283a 1 14 67
0x7fa7cc7e282e 1 3 12
0x7fa7cc7e281b 1 4 19
0x7fa7cc7e27d8 1 7 38
0x7fa7cc7e27ce 1 3 10
0x7fa7cc7e2adf 1 7 23
0x7fa7cc7e24dd 2 4 19
0x7fa7cc7e247e 2 5 30
0x7fa7cc7e2511 2 2 10
0x7fa7cc7e28ea 0 2 6
0x7fa7cc7e32c4 1 7 33
0x7fa7cc7e32e5 1 3 21
0x7fa7cc7e32fa 1 1 5
0x7fa7cc7e2583 2 17 88
0x7fa7cc7e251b 2 5 21
0x7fa7cc7e2a8d 1 17 82
0x7fa7cc7e249c 0 2 11
0x7fa7cc7e2bcb 1 10 62
0x7fa7cc7e24f0 2 2 5
0x7fa7cc7e2c1c 1 3 12
0x7fa7cc7e2c28 0 1 5
0x7fa7cc7e2c2d 1 2 9
0x7fa7cc7e2c36 1 8 15
0x7fa7cc7e251b 0 5 21
0x7fa7cc7e2c7b 48 3 16
0x7fa7cc7e2c8b 0 5 21
0x7fa7cc7e25fa 2 2 5
0x7fa7cc7e25ff 1 6 31
0x7fa7cc7e2669 2 4 13
0x7fa7cc7e2c09 0 3 19
0x7fa7cc7e24a7 0 13 54
0x7fa7cc7e26b0 3 2 14
0x7fa7cc7e2699 2 4 23
0x7fa7cc7e26be 3 2 13
0x7fa7cc7e26cb 2 3 17
0x7fa7cc7e249c 3 2 11
0x7fa7cc7e2724 1 3 19
0x7fa7cc7e26f4 1 10 48
0x7fa7cc7e26dc 1 4 24
0x7fa7cc7e2688 0 3 9
0x7fa7cc7e2691 0 2 8
0x7fa7cc7e2b19 1 3 12
0x7fa7cc7e24f5 1 7 28
0x7fa7cc7e2511 1 2 10
0x7fa7cc7e2501 49 4 16
0x7fa7cc7e2511 47 2 10
0x7fa7cc7e2adf 0 7 23
0x7fa7cc7e2680 2 3 8
0x7fa7cc7e2691 1 2 8
0x7fa7cc7e2688 3 3 9
0x7fa7cc7e2676 2 2 9
0x7fa7cc7e2b25 0 10 38
0x7fa7cc7e2320 1 30 127
0x7fa7cc7e239f 0 21 81
0x7fa7cc7e23f0 0 19 120
0x7fa7cc7e3023 1 4 24
0x7fa7cc7e2405 1 23 151
0x7fa7cc7e2af6 0 1 2
0x7fa7cc7e3647 0 3 17
0x7fa7cc7e3bcf 1 4 17
0x7fa7cc7e35e2 3 2 6
0x7fa7cc7e35e8 1 8 29
0x7fa7cc7e363a 1 3 8
0x7fa7cc7e366f 1 12 44
0x7fa7cc7e369b 0 6 27
0x7fa7cc7e3642 0 2 5
0x7fa7cc7e3642 0 2 5
0x7fa7cc7e36b6 0 13 50
0x7fa7cc7e36ec 1 2 10
0x7fa7cc7e3610 2 12 42
0x7fa7cc7e363a 1 3 8
0x7fa7cc7e3943 1 4 14
0x7fa7cc7e3a58 1 9 35
0x7fa7cc7e397f 0 2 6
0x7fa7cc7e3972 1 3 13
0x7fa7cc7e3951 1 7 24
0x7fa7cc7e3943 1 4 14
0x7fa7cc7e3930 1 7 19
0x7fa7cc7e397f 1 2 6
0x7fa7cc7e3972 1 3 13
0x7fa7cc7e3969 2 3 9
0x7fa7cc7e3969 1 3 9
0x7fa7cc7e3951 1 7 24
0x7fa7cc7e3948 2 3 9
0x7fa7cc7e3972 0 3 13
0x7fa7cc7e3969 1 3 9
0x7fa7cc7e3951 2 7 24
0x7fa7cc7e36f6 1 16 69
0x7fa7cc7e390a 1 15 57
0x7fa7cc7e38f8 3 4 18
0x7fa7cc7e390a 0 15 57
0x7fa7cc7e38f4 1 5 22
0x7fa7cc7e38d7 1 8 29
0x7fa7cc7e3bf3 1 4 22
0x7fa7cc7e3be0 1 5 19
0x7fa7cc7e3552 0 18 55
0x7fa7cc7e3812 0 30 109
0x7fa7cc7e37fc 1 5 22
0x7fa7cc7e37e8 1 5 20
0x7fa7cc7e37ab 1 15 61
0x7fa7cc7e375d 0 6 23
0x7fa7cc7e374a 1 5 19
0x7fa7cc7e373b 1 3 15
0x7fa7cc7e3500 1 24 82
0x7fa7cc7e3605 0 1 2
0x7fa7cc7e35e8 0 8 29
0x7fa7cc7e35e2 1 2 6
0x7fa7cc7e35b8 1 5 16
0x7fa7cc7e359d 1 5 27
0x7fa7cc7e3589 1 4 20
0x7fa7cc7e35d0 4 4 18
0x7fa7cc7e3af6 0 4 16
0x7fa7cc7e3ad0 1 11 38
0x7fa7cc7e3a7b 0 3 8
0x7fa7cc7e3a08 1 9 18
0x7fa7cc7e3ae0 1 6 22
0x7fa7cc7e3af6 1 4 16
0x7fa7cc7e3589 0 4 20
0x7fa7cc7e3d4a 7 3 12
0x7fa7cc7e3d90 7 6 12
0x7fa7cc7e3d86 7 3 10
0x7fa7cc7e3d6e 7 6 24
0x7fa7cc7e3d69 7 2 5
0x7fa7cc7e3d56 7 4 19
0x7fa7cc7e3d37 7 4 19
0x7fa7cc7e3cf0 7 12 71
0x7fa7cc7e3cb4 7 13 60
0x7fa7cc7e3ca4 7 3 16
0x7fa7cc7e3c9a 7 2 10
0x7fa7cc7e3c40 7 25 90
0x7fa7cc7e47e4 2 13 56
0x7fa7cc7e4770 2 13 64
0x7fa7cc7e47b0 2 8 33
0x7fa7cc7e47d1 2 3 6
0x7fa7cc7e47d7 2 3 13
0x7fa7cc7e486e 1 10 25
0x7fa7cc7e4830 1 11 29
0x7fa7cc7e484d 1 7 33
0x7fa7cc7e48dc 1 6 17
0x7fa7cc7e48d7 1 2 5
0x7fa7cc7e48ed 1 3 12
0x7fa7cc7e494a 1 6 9
0x7fa7cc7e4940 1 2 10
0x7fa7cc7e48ce 1 2 9
0x7fa7cc7e48c2 2 3 12
0x7fa7cc7e48f9 1 7 26
0x7fa7cc7e4913 1 7 23
0x7fa7cc7e4890 3 16 50
0x7fa7cc7e492a 1 3 9
0x7fa7cc7e4994 1 1 2
0x7fa7cc7e4933 1 6 9
0x7fa7cc7e4933 1 6 9
0x7fa7cc7e498c 1 2 8
0x7fa7cc7e49a0 1 16 51
0x7fa7cc7e49d3 1 2 5
0x7fa7cc7e49eb 1 2 5
0x7fa7cc7e4a06 2 4 13
0x7fa7cc7e49f0 2 5 22
0x7fa7cc7e49e8 3 3 8
0x7fa7cc7e4a13 3 1 2
0x7fa7cc7e4a06 1 4 13
0x7fa7cc7e4a18 1 8 15
0x7fa7cc7e49d8 1 3 12
0x7fa7cc7e49f0 1 5 22
0x7fa7cc7e4ba2 1 4 10
0x7fa7cc7e4bac 2 7 27
0x7fa7cc7e4c0c 1 9 19
0x7fa7cc7e4b4b 0 9 33
0x7fa7cc7e4b38 1 5 19
0x7fa7cc7e4ac0 1 15 46
0x7fa7cc7e4aee 1 12 41
0x7fa7cc7e4b17 1 9 27
0x7fa7cc7e4b78 1 10 33
0x7fa7cc7e4b99 1 2 9
0x7fa7cc7e4ba2 2 4 10
0x7fa7cc7e4b99 2 2 9
0x7fa7cc7e4b6c 2 13 45
0x7fa7cc7e4b4b 2 9 33
0x7fa7cc7e4c0c 0 9 19
0x7fa7cc7e4bf9 1 5 19
0x7fa7cc7e4be1 1 3 16
0x7fa7cc7e4be1 2 3 16
0x7fa7cc7e4bc7 2 1 2
0x7fa7cc7e4bf1 1 3 8
0x7fa7cc7e4bf1 2 3 8
0x7fa7cc7e4bf9 1 5 19
0x7fa7cc7e4bb0 1 6 23
0x7fa7cc7e4bc7 0 1 2
0x7fa7cc7e4bd9 1 3 8
0x7fa7cc7e4be1 0 3 16
0x7fa7cc7e4bf1 0 3 8
0x7fa7cc7e4bd0 2 3 9
0x7fa7cc7e4bd9 2 3 8
0x7fa7cc7e4f6d 1 4 20
0x7fa7cc7e4ddd 1 4 10
0x7fa7cc7e4efc 0 2 13
0x7fa7cc7e4f81 0 3 19
0x7fa7cc7e4ee3 2 5 25
0x7fa7cc7e4ed0 3 4 19
0x7fa7cc7e4f6d 1 4 20
0x7fa7cc7e4f5f 1 3 14
0x7fa7cc7e4e59 4 2 6
0x7fa7cc7e4e1d 1 12 43
0x7fa7cc7e4e12 1 2 11
0x7fa7cc7e4dfd 1 6 21
0x7fa7cc7e4de7 1 6 22
0x7fa7cc7e4f0e 1 8 30
0x7fa7cc7e4f94 0 3 11
0x7fa7cc7e4fc0 2 2 10
0x7fa7cc7e4fca 0 2 13
0x7fa7cc7e4fd7 0 3 9
0x7fa7cc7e4f58 2 3 7
0x7fa7cc7e4f5f 2 3 14
0x7fa7cc7e4f6d 2 4 20
0x7fa7cc7e4f81 1 3 19
0x7fa7cc7e4f94 1 3 11
0x7fa7cc7e4f9f 1 3 14
0x7fa7cc7e506a 1 2 13
0x7fa7cc7e5077 1 8 15
0x7fa7cc7e4e5f 4 2 8
0x7fa7cc7e4e67 4 9 35
0x7fa7cc7e4e8a 1 2 8
0x7fa7cc7e4e92 1 6 20
0x7fa7cc7e4f4f 1 3 9
0x7fa7cc7e4ee3 1 5 25
0x7fa7cc7e4ebb 1 8 40
0x7fa7cc7e4eb3 1 2 8
0x7fa7cc7e4ea6 1 2 13
0x7fa7cc7e4efc 1 2 13
0x7fa7cc7e4d50 1 15 61
0x7fa7cc7e4f09 1 2 5
0x7fa7cc7e4f33 1 2 7
0x7fa7cc7e4d8d 1 6 26
0x7fa7cc7e4dd0 1 2 13
0x7fa7cc7e4f3a 1 3 9
0x7fa7cc7e4f43 1 3 12
0x7fa7cc7e4f58 1 3 7
0x7fa7cc7e5170 1 1 2
0x7fa7cc7e5170 1 1 2
0x7fa7cc7e51a0 0 2 5
0x7fa7cc7e5180 1 2 5
0x7fa7cc7e5185 0 6 27
0x7fa7cc7e51a0 0 2 5
0x7fa7cc7e51d8 1 3 14
0x7fa7cc7e51e6 1 3 11
0x7fa7cc7e51f1 0 3 13
0x7fa7cc7e51ab 1 9 39
0x7fa7cc7e51e6 0 3 11
0x7fa7cc7e51f1 0 3 13
0x7fa7cc7e51a0 2 2 5
0x7fa7cc7e51a5 0 10 45
0x7fa7cc7e5200 2 1 2
0x7fa7cc7e51d8 2 3 14
0x7fa7cc7e5180 2 2 5
0x7fa7cc7e5185 0 6 27
0x7fa7cc7e57ef 1 4 14
0x7fa7cc7e57eb 1 2 4
0x7fa7cc7e57fd 0 3 14
0x7fa7cc7e580b 1 7 17
0x7fa7cc7e5804 1 2 7
0x7fa7cc7e5835 1 2 5
0x7fa7cc7e57b0 1 11 38
0x7fa7cc7e5820 1 6 21
0x7fa7cc7e57dc 1 4 15
0x7fa7cc7e57d6 1 3 6
0x7fa7cc7e5994 3 2 4
0x7fa7cc7e59b0 28 6 11
0x7fa7cc7e5989 3 3 11
0x7fa7cc7e5980 31 3 9
0x7fa7cc7e5998 0 6 14
0x7fa7cc7e5994 31 2 4
0x7fa7cc7e5989 31 3 11
0x7fa7cc7e5977 0 1 2
0x7fa7cc7e596e 31 3 9
0x7fa7cc7e5965 31 3 9
0x7fa7cc7e5950 31 7 21
0x7fa7cc7e5998 3 6 14
0x7fa7cc7e5a97 4 3 11
0x7fa7cc7e5a30 3 17 55
0x7fa7cc7e5a67 3 3 16
0x7fa7cc7e5a77 3 3 13
0x7fa7cc7e5a84 3 3 9
0x7fa7cc7e5a8d 3 2 10
0x7fa7cc7e5a97 3 3 11
0x7fa7cc7e5aa2 3 3 9
0x7fa7cc7e5aab 0 19 78
0x7fa7cc7e5af9 0 5 22
0x7fa7cc7e5a8d 7 2 10
0x7fa7cc7e5aa2 4 3 9
0x7fa7cc7e5b50 3 5 17
0x7fa7cc7e5b69 3 8 15
0x7fa7cc7e5b61 3 2 8
0x7fa7cc7e6033 0 8 15
0x7fa7cc7e5fef 2 5 18
0x7fa7cc7e5ee3 2 11 39
0x7fa7cc7e5f0a 1 8 36
0x7fa7cc7e5f2e 3 8 28
0x7fa7cc7e5f4a 2 5 18
0x7fa7cc7e5f5c 0 2 9
0x7fa7cc7e5ff5 2 3 12
0x7fa7cc7e5f22 2 3 12
0x7fa7cc7e5ee0 1 12 42
0x7fa7cc7e5f0a 0 8 36
0x7fa7cc7e60a0 1 7 23
0x7fa7cc7e60b7 1 17 55
0x7fa7cc7e60ee 1 3 7
0x7fa7cc7e6013 3 7 24
0x7fa7cc7e6001 2 3 9
0x7fa7cc7e602b 0 3 8
0x7fa7cc7e6154 1 9 18
0x7fa7cc7e6106 3 4 13
0x7fa7cc7e60fa 4 3 12
0x7fa7cc7e60ee 1 3 7
0x7fa7cc7e60b7 2 17 55
0x7fa7cc7e60a3 2 6 20
0x7fa7cc7e6088 2 7 24
0x7fa7cc7e6063 4 7 37
0x7fa7cc7e6053 4 3 16
0x7fa7cc7e6042 4 4 17
0x7fa7cc7e6033 0 8 15
0x7fa7cc7e602b 1 3 8
0x7fa7cc7e6001 1 3 9
0x7fa7cc7e5ea0 5 3 13
0x7fa7cc7e5ead 5 3 11
0x7fa7cc7e6124 27 13 48
0x7fa7cc7e6118 27 4 12
0x7fa7cc7e6154 0 9 18
0x7fa7cc7e6154 3 9 18
0x7fa7cc7e5df0 4 14 39
0x7fa7cc7e5e17 4 8 45
0x7fa7cc7e5e44 2 7 29
0x7fa7cc7e5e61 2 13 55
0x7fa7cc7e614d 3 3 7
0x7fa7cc7e6154 0 9 18
0x7fa7cc7e6124 0 13 48
0x7fa7cc7e611b 3 3 9
0x7fa7cc7e6033 0 8 15
0x7fa7cc7e602b 3 3 8
0x7fa7cc7e6010 27 8 27
0x7fa7cc7e5e98 0 1 5
0x7fa7cc7e5ead 2 3 11
0x7fa7cc7e5eb8 7 2 4
0x7fa7cc7e5ebc 2 4 14
0x7fa7cc7e5eca 2 7 22
0x7fa7cc7e6270 1 8 18
0x7fa7cc7e6282 1 4 10
0x7fa7cc7e629b 4 3 11
0x7fa7cc7e62b4 4 7 18
0x7fa7cc7e62c6 1 7 13
0x7fa7cc7e62a6 4 4 14
0x7fa7cc7e6f07 1 8 21
0x7fa7cc7e6f02 1 2 5
0x7fa7cc7e6ee0 1 9 34
0x7fa7cc7e6f3d 1 5 23
0x7fa7cc7e6f30 1 3 13
0x7fa7cc7e7010 1 10 30
0x7fa7cc7e7056 1 6 18
0x7fa7cc7e702e 1 2 11
0x7fa7cc7e7039 1 4 17
0x7fa7cc7e7120 1 16 59
0x7fa7cc7e70ae 0 14 57
0x7fa7cc7e70a5 0 2 9
0x7fa7cc7e7090 1 6 21
0x7fa7cc7e710c 1 3 15
0x7fa7cc7e7103 0 6 24
0x7fa7cc7e704a 1 3 12
0x7fa7cc7e70e7 1 9 28
0x7fa7cc7e70ae 1 14 57
0x7fa7cc7e731e 1 4 7
0x7fa7cc7e7319 1 2 5
0x7fa7cc7e7311 1 2 8
0x7fa7cc7e7301 1 1 3
0x7fa7cc7e730c 1 2 5
0x7fa7cc7e72a0 1 7 28
0x7fa7cc7e72bc 1 3 12
0x7fa7cc7e72c8 1 5 26
0x7fa7cc7e72e2 1 2 10
0x7fa7cc7e7306 1 2 6
0x7fa7cc7e7304 1 1 2
0x7fa7cc7e72ec 1 2 10
0x7fa7cc7e72f6 1 5 14
0x7fa7cc7e7301 286 1 3
0x7fa7cc7e7512 0 8 37
0x7fa7cc7e7580 1 11 28
0x7fa7cc7e74ea 0 3 8
0x7fa7cc7e74d1 1 5 25
0x7fa7cc7e74c7 1 3 10
0x7fa7cc7e74b7 1 5 16
0x7fa7cc7e748d 1 10 42
0x7fa7cc7e7484 1 2 9
0x7fa7cc7e746d 1 4 23
0x7fa7cc7e7460 1 2 13
0x7fa7cc7e74f2 1 7 32
0x7fa7cc7e74ea 1 3 8
0x7fa7cc7e7444 1 4 18
0x7fa7cc7e7437 1 3 13
0x7fa7cc7e73fc 1 13 59
0x7fa7cc7e73e0 1 10 28
0x7fa7cc7e7a46 1 2 5
0x7fa7cc7e7a35 1 5 17
0x7fa7cc7e7a20 1 4 21
0x7fa7cc7e7ad0 1 7 23
0x7fa7cc7e7b08 1 10 31
0x7fa7cc7e7aff 1 3 9
0x7fa7cc7ea1f0 7 11 53
0x7fa7cc7ea225 7 10 44
0x7fa7cc7ea9e8 0 2 8
0x7fa7cc7ea9c0 1 5 16
0x7fa7cc7eaa25 11 3 6
0x7fa7cc7ea985 1 9 30
0x7fa7cc7eaa19 1 3 6
0x7fa7cc7ea976 1 4 15
0x7fa7cc7ea96b 47 3 11
0x7fa7cc7eaa06 47 5 19
0x7fa7cc7eaa02 58 2 4
0x7fa7cc7ea9f8 58 4 10
0x7fa7cc7ea976 0 4 15
0x7fa7cc7ea96b 12 3 11
0x7fa7cc7ea960 13 3 11
0x7fa7cc7ea9f0 0 3 5
0x7fa7cc7ea9d0 0 7 24
0x7fa7cc7ea9e8 1 2 8
0x7fa7cc7eab28 5 4 10
0x7fa7cc7eae1e 1 2 13
0x7fa7cc7eaa93 1 12 52
0x7fa7cc7eae2b 1 9 18
0x7fa7cc7eac28 1 2 4
0x7fa7cc7eac14 1 4 20
0x7fa7cc7eac07 1 3 13
0x7fa7cc7eabfa 1 3 13
0x7fa7cc7eab13 5 3 11
0x7fa7cc7eaae9 5 12 42
0x7fa7cc7eaae0 5 3 9
0x7fa7cc7eab13 5 3 11
0x7fa7cc7eaae9 5 12 42
0x7fa7cc7eabe2 1 4 24
0x7fa7cc7eab26 10 1 2
0x7fa7cc7eab1e 11 2 8
0x7fa7cc7eaac7 1 7 21
0x7fa7cc7eaadc 1 2 4
0x7fa7cc7eab13 1 3 11
0x7fa7cc7eaa40 1 10 30
0x7fa7cc7eaa5e 1 3 16
0x7fa7cc7eaa6e 0 2 10
0x7fa7cc7ead3c 1 3 11
0x7fa7cc7eadea 1 3 11
0x7fa7cc7eadd9 1 2 5
0x7fa7cc7eadd0 1 3 9
0x7fa7cc7eac5a 1 3 17
0x7fa7cc7eac2c 1 10 46
0x7fa7cc7eacf0 1 4 17
0x7fa7cc7ead01 1 7 23
0x7fa7cc7ead18 0 1 5
0x7fa7cc7eac7a 1 2 8
0x7fa7cc7eadc7 1 2 9
0x7fa7cc7eadae 0 4 17
0x7fa7cc7eada5 0 3 9
0x7fa7cc7eae09 1 3 21
0x7fa7cc7ead47 1 3 11
0x7fa7cc7ead52 1 9 43
0x7fa7cc7ead93 1 5 18
0x7fa7cc7eadf5 1 3 10
0x7fa7cc7eadff 1 2 10
0x7fa7cc7eac6f 0 3 19
0x7fa7cc7eac6b 1 2 4
0x7fa7cc7eaa82 1 3 17
0x7fa7cc7eaf90 1 4 17
0x7fa7cc7eafa1 0 1 1
0x7fa7cc7eafb8 1 3 16
0x7fa7cc7eafa8 1 3 16
0x7fa7cc7eb1a0 1 2 9
0x7fa7cc7eb018 107 3 10
0x7fa7cc7eb200 1 2 9
0x7fa7cc7eb0c0 8 4 12
0x7fa7cc7eb1c0 1 2 9
0x7fa7cc7eb1f0 1 2 9
0x7fa7cc7eb118 1 3 12
0x7fa7cc7eb124 1 2 9
0x7fa7cc7eb12d 0 3 18
0x7fa7cc7eb240 1 1 5
0x7fa7cc7eb0cc 0 12 76
0x7fa7cc7eb1e0 1 2 9
0x7fa7cc7eb230 1 2 8
0x7fa7cc7eb220 1 2 9
0x7fa7cc7eb1d0 1 2 9
0x7fa7cc7eb210 1 2 9
0x7fa7cc7eb0cc 1 12 76
0x7fa7cc7eb0c0 9 4 12
0x7fa7cc7eb245 1 2 12
0x7fa7cc7eb138 1 2 7
0x7fa7cc7eb13f 1 3 16
0x7fa7cc7eb14f 1 3 14
0x7fa7cc7eb15d 1 6 24
0x7fa7cc7eafd0 1 18 66
0x7fa7cc7eb175 1 9 20
0x7fa7cc7eb0aa 17 3 9
0x7fa7cc7eb0a0 17 3 10
0x7fa7cc7eb0cc 0 12 76
0x7fa7cc7eb0b8 1 6 20
0x7fa7cc7eb0aa 1 3 9
0x7fa7cc7eb051 1 17 89
0x7fa7cc7eb022 1 8 47
0x7fa7cc7eb022 0 8 47
0x7fa7cc7eb012 1 4 16
0x7fa7cc7eb290 1 1 2
0x7fa7cc7eb50f 1 2 4
0x7fa7cc7eb4fb 1 4 20
0x7fa7cc7eb4b2 1 7 26
0x7fa7cc7eb4ab 2 2 7
0x7fa7cc7eb498 2 4 19
0x7fa7cc7eb4cc 0 1 2
0x7fa7cc7eb513 1 9 22
0x7fa7cc7eb450 1 10 33
0x7fa7cc7eb471 1 5 29
0x7fa7cc7eb48e 1 2 5
0x7fa7cc7eb4ab 1 2 7
0x7fa7cc7eb4b2 0 7 26
0x7fa7cc7eb654 10 2 6
0x7fa7cc7eb65a 0 3 8
0x7fa7cc7eb662 0 4 12
0x7fa7cc7eb645 10 4 12
0x7fa7cc7eb651 0 2 3
0x7fa7cc7eb645 97 4 12
0x7fa7cc7eb651 1 2 3
0x7fa7cc7eb640 107 2 5
0x7fa7cc7eb645 1 4 12
0x7fa7cc7eb63b 1 3 10
0x7fa7cc7eb630 1 4 11
0x7fa7cc7eb757 1 7 29
0x7fa7cc7eb799 5 7 24
0x7fa7cc7eb7b8 5 3 8
0x7fa7cc7eb739 0 7 30
0x7fa7cc7eb72e 1 4 11
0x7fa7cc7eb713 1 7 27
0x7fa7cc7eb774 1 2 6
0x7fa7cc7eb7c0 1 7 37
0x7fa7cc7eb72e 4 4 11
0x7fa7cc7eb709 5 9 37
0x7fa7cc7eb6f0 6 7 25
0x7fa7cc7eb77a 1 13 55
0x7fa7cc7eb77a 3 13 55
0x7fa7cc7eb774 3 2 6
0x7fa7cc7eb757 3 7 29
0x7fa7cc7eb739 3 7 30
0x7fa7cc7eb739 1 7 30
0x7fa7cc7eb6f0 12 7 25
0x7fa7cc7eb709 12 9 37
0x7fa7cc7eb72e 9 4 11
0x7fa7cc7eb7b8 9 3 8
0x7fa7cc7eb799 9 7 24
0x7fa7cc7eb800 11 3 13
0x7fa7cc7eb800 6 3 13
0x7fa7cc7eb810 2 7 23
0x7fa7cc7eb827 2 1 5
0x7fa7cc7eb810 7 7 23
0x7fa7cc7eb827 7 1 5
0x7fa7cc7ebda5 1 1 2
0x7fa7cc7ebd97 1 4 14
0x7fa7cc7ebd8c 1 3 11
0x7fa7cc7ebd80 1 4 12
0x7fa7cc7ebe19 1 5 10
0x7fa7cc7ebdff 1 2 6
0x7fa7cc7ebdf5 1 3 10
0x7fa7cc7ebde0 1 7 21
0x7fa7cc7ed034 2 2 8
0x7fa7cc7ed03c 2 1 2
0x7fa7cc7ed027 2 4 13
0x7fa7cc7ed020 2 3 7
0x7fa7cc7ed0af 2 1 1
0x7fa7cc7ed0a7 2 2 8
0x7fa7cc7ed0a0 2 2 7
0x7fa7cc7ed0c0 1 2 7
0x7fa7cc7ed0c7 1 2 8
0x7fa7cc7ed0cf 1 1 1
0x7fa7cc7ed107 1 2 8
0x7fa7cc7ed100 1 2 7
0x7fa7cc7ed110 1 5 16
0x7fa7cc7ed10f 0 1 1
0x7fa7cc7ed1b0 2 2 7
0x7fa7cc7ed1b7 2 2 8
0x7fa7cc7ed1bf 2 1 1
0x7fa7cc7ed1d0 7 3 10
0x7fa7cc7ed1d0 1 3 10
0x7fa7cc7ed1e2 1 1 1
0x7fa7cc7ed1e2 7 1 1
0x7fa7cc7ed1da 1 2 8
0x7fa7cc7ed1da 7 2 8
0x7fa7cc7ed20f 1 1 1
0x7fa7cc7ed200 1 2 7
0x7fa7cc7ed207 1 2 8
0x7fa7cc7ed220 4 2 7
0x7fa7cc7ed22f 4 1 1
0x7fa7cc7ed227 4 2 8
0x7fa7cc7ed2f0 2 19 79
0x7fa7cc7ed5c0 3 8 35
0x7fa7cc7ed720 1 6 21
0x7fa7cc7ed6da 0 23 90
0x7fa7cc7ed67a 0 23 96
0x7fa7cc7ed603 2 6 20
0x7fa7cc7ed5e3 3 9 32
0x7fa7cc7ed618 1 24 98
0x7fa7cc7ed7e0 1 3 6
0x7fa7cc7ed7f3 69 4 14
0x7fa7cc7ed7f0 129 2 3
0x7fa7cc7ed7e6 1599 4 10
0x7fa7cc7ed7e0 1668 3 6
0x7fa7cc7ed7f3 1 4 14
0x7fa7cc7ed7f0 0 2 3
0x7fa7cc7ed7e6 0 4 10
0x7fa7cc7ed883 0 4 11
0x7fa7cc7ed830 1 7 31
0x7fa7cc7ed84f 1 4 11
0x7fa7cc7ed85a 1 5 15
0x7fa7cc7ed81b 3 4 14
0x7fa7cc7ed869 1 4 11
0x7fa7cc7ed874 1 5 15
0x7fa7cc7ed8bf 3 3 11
0x7fa7cc7ed84f 1 4 11
0x7fa7cc7ed85a 1 5 15
0x7fa7cc7ed869 1 4 11
0x7fa7cc7ed8b0 1 3 8
0x7fa7cc7ed8b8 1 3 7
0x7fa7cc7ed8bf 1 3 11
0x7fa7cc7ed8ca 1 3 11
0x7fa7cc7ed8d5 0 4 11
0x7fa7cc7ed8e0 0 3 7
0x7fa7cc7ed8f5 4 2 4
0x7fa7cc7ed81b 4 4 14
0x7fa7cc7ed8b8 3 3 7
0x7fa7cc7ed8b0 4 3 8
0x7fa7cc7ed869 1 4 11
0x7fa7cc7ed85a 1 5 15
0x7fa7cc7ed84f 3 4 11
0x7fa7cc7ed830 3 7 31
0x7fa7cc7ed829 17 3 7
0x7fa7cc7ed820 17 2 9
0x7fa7cc7ed829 3 3 7
0x7fa7cc7ed810 4 4 11
0x7fa7cc7ed810 4 4 11
0x7fa7cc7ed829 2 3 7
0x7fa7cc7ed820 9 2 9
0x7fa7cc7ed829 8 3 7
0x7fa7cc7ed830 1 7 31
0x7fa7cc7ed8f5 4 2 4
0x7fa7cc7edfb8 0 9 17
0x7fa7cc7ee2b0 0 11 50
0x7fa7cc7edfa0 3 6 19
0x7fa7cc7edfb3 3 2 5
0x7fa7cc7edfb8 1 9 17
0x7fa7cc7edefe 1 2 10
0x7fa7cc7edef8 1 1 6
0x7fa7cc7edee8 1 4 16
0x7fa7cc7eded5 2 5 19
0x7fa7cc7edf92 1 3 8
0x7fa7cc7edf82 1 5 16
0x7fa7cc7edf6d 2 7 21
0x7fa7cc7ee2e2 0 1 5
0x7fa7cc7edf08 0 9 35
0x7fa7cc7edfb3 1 2 5
0x7fa7cc7edf82 1 5 16
0x7fa7cc7edf6d 1 7 21
0x7fa7cc7ee322 0 1 5
0x7fa7cc7ee2f0 0 11 50
0x7fa7cc7ee2e7 1 2 9
0x7fa7cc7ee344 0 3 13
0x7fa7cc7ee33e 1 2 6
0x7fa7cc7ee0b2 0 1 5
0x7fa7cc7ee08a 0 10 40
0x7fa7cc7ee067 1 9 35
0x7fa7cc7edf2b 0 11 47
0x7fa7cc7edf92 1 3 8
0x7fa7cc7eded5 0 5 19
0x7fa7cc7ede70 6 11 30
0x7fa7cc7ede8e 3 3 9
0x7fa7cc7ede97 1 6 19
0x7fa7cc7edf7d 3 2 5
0x7fa7cc7edf82 3 5 16
0x7fa7cc7edf92 3 3 8
0x7fa7cc7edfb3 4 2 5
0x7fa7cc7edfb8 0 9 17
0x7fa7cc7edfa0 24 6 19
0x7fa7cc7edfb3 24 2 5
0x7fa7cc7edfb8 4 9 17
0x7fa7cc7edec9 1 4 12
0x7fa7cc7ee297 2 8 25
0x7fa7cc7edee8 0 4 16
0x7fa7cc7edeb0 1 6 25
0x7fa7cc7edec9 1 4 12
0x7fa7cc7eded5 1 5 19
0x7fa7cc7edfd0 2 9 33
0x7fa7cc7edff1 2 1 6
0x7fa7cc7edff7 2 2 10
0x7fa7cc7ee0b7 2 16 56
0x7fa7cc7ee0ef 0 11 43
0x7fa7cc7ee11a 0 1 5
0x7fa7cc7ee327 2 2 10
0x7fa7cc7ee331 0 3 13
0x7fa7cc7edef8 1 1 6
0x7fa7cc7edefe 1 2 10
0x7fa7cc7ee067 1 9 35
0x7fa7cc7ee08a 1 10 40
0x7fa7cc7ee0b2 0 1 5
0x7fa7cc7ee0a0 4 5 18
0x7fa7cc7ee0b2 1 1 5
0x7fa7cc7edf60 1 5 13
0x7fa7cc7edf6d 0 7 21
0x7fa7cc7edf82 0 5 16
0x7fa7cc7edfba 1 8 15
0x7fa7cc7edfb8 1 9 17
0x7fa7cc7edf2b 0 11 47
0x7fa7cc7edf08 0 9 35
0x7fa7cc7ede70 1 11 30
0x7fa7cc7ede8e 1 3 9
0x7fa7cc7ede97 0 6 19
0x7fa7cc7eded5 1 5 19
0x7fa7cc7edee8 1 4 16
0x7fa7cc7ee50c 7 2 4
0x7fa7cc7ee50a 2375 1 2
0x7fa7cc7ee500 7 4 12
0x7fa7cc7ee58b 2 2 4
0x7fa7cc7ee526 1 2 5
0x7fa7cc7ee526 1 2 5
0x7fa7cc7ee52b 1 6 19
0x7fa7cc7ee53e 1 6 17
0x7fa7cc7ee53e 0 6 17
0x7fa7cc7ee539 2 2 5
0x7fa7cc7ee51b 1 6 16
0x7fa7cc7ee516 2 2 5
0x7fa7cc7ee510 2 2 6
0x7fa7cc7ee53e 0 6 17
0x7fa7cc7ee52b 0 6 19
0x7fa7cc7ee568 0 9 35
0x7fa7cc7ee58b 2 2 4
0x7fa7cc7ee568 2 9 35
0x7fa7cc7ee560 2 2 8
0x7fa7cc7ee568 0 9 35
0x7fa7cc7ee54f 0 7 25
0x7fa7cc7ee54a 2 2 5
0x7fa7cc7ee58b 0 2 4
0x7fa7cc7ee54f 0 7 25
0x7fa7cc7ee510 2 2 6
0x7fa7cc7ee51b 1 6 16
0x7fa7cc7ee52b 1 6 19
0x7fa7cc7ee53e 0 6 17
0x7fa7cc7ee516 2 2 5
0x7fa7cc7ee560 2 2 8
0x7fa7cc7ee568 0 9 35
0x7fa7cc7ee54f 0 7 25
0x7fa7cc7ee54a 1 2 5
0x7fa7cc7ee54f 0 7 25
0x7fa7cc7ee74e 2 6 16
0x7fa7cc7ee770 3 2 5
0x7fa7cc7ee775 0 6 17
0x7fa7cc7ee775 0 6 17
0x7fa7cc7ee781 6 2 5
0x7fa7cc7ee786 0 6 22
0x7fa7cc7ee775 0 6 17
0x7fa7cc7ee759 5 2 5
0x7fa7cc7ee749 3 2 5
0x7fa7cc7ee740 3 3 9
0x7fa7cc7ee7bb 3 1 2
0x7fa7cc7ee786 3 6 22
0x7fa7cc7ee79c 1 9 31
0x7fa7cc7ee794 3 2 8
0x7fa7cc7ee79c 3 9 31
0x7fa7cc7ee7bb 3 1 2
0x7fa7cc7ee75e 0 7 23
0x7fa7cc7ee759 1 2 5
0x7fa7cc7ee770 5 2 5
0x7fa7cc7ee74e 1 6 16
0x7fa7cc7ee749 6 2 5
0x7fa7cc7ee740 6 3 9
0x7fa7cc7ee786 0 6 22
0x7fa7cc7ee75e 1 7 23
0x7fa7cc7ee781 3 2 5
0x7fa7cc7ee786 0 6 22
0x7fa7cc7ee775 0 6 17
0x7fa7cc7ee7bb 2 1 2
0x7fa7cc7ee7bb 1 1 2
0x7fa7cc7ee79c 1 9 31
0x7fa7cc7ee794 3 2 8
0x7fa7cc7ee79c 0 9 31
# $eof
