INSMIX        1.0         0
#
# $static-counts
#
#     opcode       count-unpredicated    count-predicated
#

#
# $dynamic-counts
#
#     opcode       count-unpredicated    count-predicated
#
   5 ADC                             10040                0
   7 ADD                         673961851                0
  21 AND                             83922                0
  52 BSF                             20083                0
  53 BSR                                 1                0
  55 BT                                103                0
  61 CALL_NEAR                      303195                0
  64 CDQE                            20082                0
  75 CMOVB                             105                0
  76 CMOVBE                          10123                0
  80 CMOVNBE                             7                0
  85 CMOVNS                          10040                0
  86 CMOVNZ                          10057                0
  90 CMOVZ                           10144                0
  91 CMP                         670331353                0
 100 CMPXCHG                         22013                0
 105 CPUID                              16                0
 106 CQO                          30263501                0
 134 DEC                             22043                0
 135 DIV                         169926647                0
 251 IDIV                         30263501                0
 252 IMUL                        400414681                0
 254 INC                              3256                0
 273 JB                                 46                0
 274 JBE                          67364527                0
 275 JL                           67333645                0
 276 JLE                            116300                0
 277 JMP                         132681278                0
 279 JNB                             54295                0
 280 JNBE                            31805                0
 281 JNL                         333056445                0
 282 JNLE                            60218                0
 285 JNS                         200252116                0
 286 JNZ                           2090960                0
 290 JS                             102168                0
 291 JZ                          200824831                0
 348 LEA                         833912340                0
 384 MOV                        1471931766                0
 388 MOVD                            30091                0
 391 MOVDQA                        6224426                0
 392 MOVDQU                         100143                0
 419 MOVSX                       400420273                0
 420 MOVSXD                          87106                0
 423 MOVZX                       200310855                0
 427 MUL                         200220217                0
 434 NEG                             11864                0
 435 NOP                             63997                0
 444 NOT                                 7                0
 445 OR                              20348                0
 477 PCMPEQB                         40174                0
 543 PMOVMSKB                        20088                0
 564 POP                            618854                0
 571 POR                             20086                0
 582 PSHUFD                          30091                0
 613 PUNPCKLBW                       30091                0
 616 PUNPCKLWD                       30091                0
 617 PUSH                           618878                0
 623 PXOR                            20084                0
 634 RDTSC                              19                0
 637 RET_NEAR                       303191                0
 638 ROL                                12                0
 639 ROR                                 1                0
 650 SAR                             22319                0
 652 SBB                                 4                0
 658 SETBE                              92                0
 668 SETNZ                           11817                0
 672 SETZ                            10578                0
 682 SHL                              1446                0
 685 SHR                         200221598                0
 705 STOSB                            2382                0
 707 STOSQ                             312                0
 710 SUB                        1201665664                0
 716 SYSCALL                         22030                0
 723 TEST                           699930                0
1426 XCHG                               10                0
1428 XGETBV                              1                0
1430 XOR                         170150786                0
3000 *total                     7667529460                0
3002 *stack-read                   1446240                0
3003 *stack-write                  1589343                0
3004 *iprel-read                 100381229                0
3005 *iprel-write                    10327                0
3007 *mem-read-1                 903164618                0
3008 *mem-read-2                     22436                0
3010 *mem-read-4                 100935193                0
3014 *mem-read-8                   1832006                0
3022 *mem-read-16                    20087                0
3527 *mem-write-1                702889998                0
3528 *mem-write-2                       16                0
3530 *mem-write-4                   410582                0
3534 *mem-write-8                  1457943                0
3542 *mem-write-16                 6284396                0
# $eof
