
Profiling started at Mon Mar 14 16:23:28 2016
Profiling stopped at Mon Mar 14 16:23:30 2016

-- OProfile/operf Statistics --
Nr. non-backtrace samples: 58396
Nr. kernel samples: 37965
Nr. user space samples: 20431
Nr. samples lost due to sample address not in expected range for domain: 0
Nr. lost kernel samples: 0
Nr. samples lost due to sample file open failure: 0
Nr. samples lost due to no permanent mapping: 0
Nr. user context kernel samples lost due to no app info available: 0
Nr. user samples lost due to no app info available: 0
Nr. backtraces skipped due to no file mapping: 0
Nr. hypervisor samples dropped due to address out-of-range: 0
Nr. samples lost reported by perf_events kernel: 0

Profiling started at Mon Mar 14 16:28:53 2016
Profiling stopped at Mon Mar 14 16:28:55 2016

-- OProfile/operf Statistics --
Nr. non-backtrace samples: 57991
Nr. kernel samples: 38157
Nr. user space samples: 19834
Nr. samples lost due to sample address not in expected range for domain: 0
Nr. lost kernel samples: 0
Nr. samples lost due to sample file open failure: 0
Nr. samples lost due to no permanent mapping: 0
Nr. user context kernel samples lost due to no app info available: 0
Nr. user samples lost due to no app info available: 0
Nr. backtraces skipped due to no file mapping: 0
Nr. hypervisor samples dropped due to address out-of-range: 0
Nr. samples lost reported by perf_events kernel: 0

Profiling started at Mon Mar 14 16:30:23 2016
Profiling stopped at Mon Mar 14 16:30:59 2016

-- OProfile/operf Statistics --
Nr. non-backtrace samples: 1236359
Nr. kernel samples: 810537
Nr. user space samples: 425822
Nr. samples lost due to sample address not in expected range for domain: 0
Nr. lost kernel samples: 0
Nr. samples lost due to sample file open failure: 0
Nr. samples lost due to no permanent mapping: 0
Nr. user context kernel samples lost due to no app info available: 0
Nr. user samples lost due to no app info available: 0
Nr. backtraces skipped due to no file mapping: 0
Nr. hypervisor samples dropped due to address out-of-range: 0
Nr. samples lost reported by perf_events kernel: 0

Profiling started at Mon Mar 14 16:31:01 2016
Profiling stopped at Mon Mar 14 16:31:27 2016

-- OProfile/operf Statistics --
Nr. non-backtrace samples: 907747
Nr. kernel samples: 600868
Nr. user space samples: 306879
Nr. samples lost due to sample address not in expected range for domain: 0
Nr. lost kernel samples: 0
Nr. samples lost due to sample file open failure: 0
Nr. samples lost due to no permanent mapping: 0
Nr. user context kernel samples lost due to no app info available: 0
Nr. user samples lost due to no app info available: 0
Nr. backtraces skipped due to no file mapping: 0
Nr. hypervisor samples dropped due to address out-of-range: 0
Nr. samples lost reported by perf_events kernel: 0

Profiling started at Mon Mar 14 16:31:28 2016
Profiling stopped at Mon Mar 14 16:31:56 2016

-- OProfile/operf Statistics --
Nr. non-backtrace samples: 967514
Nr. kernel samples: 639587
Nr. user space samples: 327927
Nr. samples lost due to sample address not in expected range for domain: 0
Nr. lost kernel samples: 0
Nr. samples lost due to sample file open failure: 0
Nr. samples lost due to no permanent mapping: 0
Nr. user context kernel samples lost due to no app info available: 0
Nr. user samples lost due to no app info available: 0
Nr. backtraces skipped due to no file mapping: 0
Nr. hypervisor samples dropped due to address out-of-range: 0
Nr. samples lost reported by perf_events kernel: 0
