
Profiling started at Tue Mar 29 17:24:11 2016
Profiling stopped at Tue Mar 29 17:24:14 2016

-- OProfile/operf Statistics --
Nr. non-backtrace samples: 102604
Nr. kernel samples: 232
Nr. user space samples: 102372
Nr. samples lost due to sample address not in expected range for domain: 0
Nr. lost kernel samples: 0
Nr. samples lost due to sample file open failure: 0
Nr. samples lost due to no permanent mapping: 0
Nr. user context kernel samples lost due to no app info available: 0
Nr. user samples lost due to no app info available: 0
Nr. backtraces skipped due to no file mapping: 0
Nr. hypervisor samples dropped due to address out-of-range: 0
Nr. samples lost reported by perf_events kernel: 0

Profiling started at Tue Mar 29 17:24:52 2016
Profiling stopped at Tue Mar 29 17:24:56 2016

-- OProfile/operf Statistics --
Nr. non-backtrace samples: 119873
Nr. kernel samples: 227
Nr. user space samples: 119646
Nr. samples lost due to sample address not in expected range for domain: 0
Nr. lost kernel samples: 0
Nr. samples lost due to sample file open failure: 0
Nr. samples lost due to no permanent mapping: 0
Nr. user context kernel samples lost due to no app info available: 0
Nr. user samples lost due to no app info available: 0
Nr. backtraces skipped due to no file mapping: 0
Nr. hypervisor samples dropped due to address out-of-range: 0
Nr. samples lost reported by perf_events kernel: 0
